========================================================================
  2026-05-14 15:28:59   user: cli
========================================================================

  ┌─ QUESTION
  │  Hello

  ┌─ ROUTING  →  SMALLTALK

  ┌─ SMALLTALK  (no retrieval needed)

  ┌─ FINAL ANSWER
  │  Hello! How can I assist you today? Feel free to ask any questions about the hospital.

------------------------------------------------------------------------

========================================================================
  2026-05-14 22:51:22   user: cli
========================================================================

  ┌─ QUESTION
  │  What is hospital open time?

  ┌─ ROUTING  →  RAG

  ┌─ RETRIEVE (knowledge base)  —  3 chunk(s) found
  │  ── chunk 1 (url) ───────────────────────────────────────────────
  │  ข้อมูลติดต่อโรงพยาบาล
  │  ที่อยู่
  │  222 หมู่ 10 ต.ไทยบุรี อ.ท่าศาลา จ.นครศรีธรรมราช 80160
  │  ติดต่อ
  │  โทร : 0 7547 9999
  │  E-mail : wuh@wu.ac.th
  │  เวลาทำการ
  │  จ – ศ เวลา 8.00-20.00 น.
  │  ส – อา และวันหยุดนักขัตฤกษ์ เวลา 8.00-16.00 น.
  │  แผนกอุบัติเหตุและฉุกเฉินเปิดบริการทุกวัน 24 ชั่วโมง
  │  ── chunk 2 (md) ────────────────────────────────────────────────
  │  # Sample Hospital FAQ (placeholder)
  │  
  │  Replace this file with your real hospital content. The chatbot answers only from documents in `data/raw/` and URLs in `data/urls.txt`.
  │  
  │  ## Emergency
  │  
  │  - Dial 1669 for national emergency services in Thailand.
  │  - Our ER is staffed 24/7 and accepts walk-ins without appointment.
  │  - Ambulance service: +66-2-000-0001.
  │  
  │  ## Visitor Policy
  │  
  │  - Visiting hours: 10:00–20:00 daily.\n
  │  - Maximum 2 visitors per patient at a time.
  │  - Children under 12 are not permitted in inpatient wards.
  │  
  │  ## Parking
  │  
  │  - Free parking for outpatients (first 4 hours), validate at the OPD reception.
  │  - Valet service available at the main entrance, 100 THB per visit.
  │  ── chunk 3 (url) ───────────────────────────────────────────────
  │  วันจันทร์ ถึง วันศุกร์
  │  เวลา 8.30-20.00 น.
  │  วันเสาร์ วันอาทิตย์และ
  │  วันหยุดนักขัตฤกษ์
  │  เวลา 8.30-16.00 น.
  │  เวลา 8.30-20.00 น.
  │  วันเสาร์ วันอาทิตย์และ
  │  วันหยุดนักขัตฤกษ์
  │  เวลา 8.30-16.00 น.
  │  วันจันทร์ ถึง วันเสาร์
  │  เวลา 8.30-16.00 น
  │  เวลา 8.30-16.00 น
  │  บริการฉีดวัคซีน
  │  1.วัคซีนป้องกันโควิด 19
  │  2.วัคซีนไข้หวัดใญ่ตามฤดูกาล
  │  ปีละครั้ง
  │  วันเวลาบริการกรุณาติดต่อสอบถามล่วงหน้า
  │  1.วัคซีนป้องกันโควิด 19
  │  2.วัคซีนไข้หวัดใญ่ตามฤดูกาล
  │  ปีละครั้ง
  │  วันเวลาบริการกรุณาติดต่อสอบถามล่วงหน้า

  ┌─ GRADE CHUNKS  →  ✓ relevant

  ┌─ DRAFT ANSWER  (knowledge base)
  │  สวัสดีค่ะ ยินดีต้อนรับสู่โรงพยาบาลวลัยลักษณ์ พร้อมให้บริการคุณค่ะ 😊 / Hello! Welcome to Walailuk Hospital, we are happy to assist you.
  │  
  │  เวลาทำการของโรงพยาบาลวลัยลักษณ์ มีดังนี้ค่ะ
  │  
  │  - วันจันทร์ – วันศุกร์ : 8.00 – 20.00 น.
  │  - วันเสาร์, วันอาทิตย์ และวันหยุดนักขัตฤกษ์ : 8.00 – 16.00 น.
  │  
  │  สำหรับแผนกอุบัติเหตุและฉุกเฉิน เปิดให้บริการทุกวัน ตลอด 24 ชั่วโมงค่ะ
  │  
  │  หากมีข้อสงสัยเพิ่มเติม สามารถติดต่อสอบถามได้ที่หมายเลข 0 7547 9999 นะคะ

  ┌─ REFLECTION  (✎ Revised)

  ┌─ FINAL ANSWER
  │  สวัสดีค่ะ ยินดีต้อนรับสู่โรงพยาบาลวลัยลักษณ์ พร้อมให้บริการคุณค่ะ 😊
  │  
  │  เวลาทำการของโรงพยาบาลวลัยลักษณ์ มีดังนี้ค่ะ
  │  
  │  - วันจันทร์ – วันศุกร์ : 8.00 – 20.00 น.
  │  - วันเสาร์, วันอาทิตย์ และวันหยุดนักขัตฤกษ์ : 8.00 – 16.00 น.
  │  
  │  สำหรับแผนกอุบัติเหตุและฉุกเฉิน เปิดให้บริการทุกวัน ตลอด 24 ชั่วโมงค่ะ
  │  
  │  หากมีข้อสงสัยเพิ่มเติม สามารถติดต่อสอบถามได้ที่หมายเลข 0 7547 9999 นะคะ

------------------------------------------------------------------------

========================================================================
  2026-05-14 22:53:01   user: cli
========================================================================

  ┌─ QUESTION
  │  มีหมอฟันนทั้งหมดกี่คน

  ┌─ ROUTING  →  RAG

  ┌─ RETRIEVE (knowledge base)  —  3 chunk(s) found
  │  ── chunk 1 (md) ────────────────────────────────────────────────
  │  # Sample Hospital FAQ (placeholder)
  │  
  │  Replace this file with your real hospital content. The chatbot answers only from documents in `data/raw/` and URLs in `data/urls.txt`.
  │  
  │  ## Emergency
  │  
  │  - Dial 1669 for national emergency services in Thailand.
  │  - Our ER is staffed 24/7 and accepts walk-ins without appointment.
  │  - Ambulance service: +66-2-000-0001.
  │  
  │  ## Visitor Policy
  │  
  │  - Visiting hours: 10:00–20:00 daily.\n
  │  - Maximum 2 visitors per patient at a time.
  │  - Children under 12 are not permitted in inpatient wards.
  │  
  │  ## Parking
  │  
  │  - Free parking for outpatients (first 4 hours), validate at the OPD reception.
  │  - Valet service available at the main entrance, 100 THB per visit.
  │  ── chunk 2 (url) ───────────────────────────────────────────────
  │  ข้อมูลติดต่อโรงพยาบาล
  │  ที่อยู่
  │  222 หมู่ 10 ต.ไทยบุรี อ.ท่าศาลา จ.นครศรีธรรมราช 80160
  │  ติดต่อ
  │  โทร : 0 7547 9999
  │  E-mail : wuh@wu.ac.th
  │  เวลาทำการ
  │  จ – ศ เวลา 8.00-20.00 น.
  │  ส – อา และวันหยุดนักขัตฤกษ์ เวลา 8.00-16.00 น.
  │  แผนกอุบัติเหตุและฉุกเฉินเปิดบริการทุกวัน 24 ชั่วโมง
  │  ── chunk 3 (url) ───────────────────────────────────────────────
  │  วันจันทร์ ถึง วันศุกร์
  │  เวลา 8.30-20.00 น.
  │  วันเสาร์ วันอาทิตย์และ
  │  วันหยุดนักขัตฤกษ์
  │  เวลา 8.30-16.00 น.
  │  เวลา 8.30-20.00 น.
  │  วันเสาร์ วันอาทิตย์และ
  │  วันหยุดนักขัตฤกษ์
  │  เวลา 8.30-16.00 น.
  │  วันจันทร์ ถึง วันเสาร์
  │  เวลา 8.30-16.00 น
  │  เวลา 8.30-16.00 น
  │  บริการฉีดวัคซีน
  │  1.วัคซีนป้องกันโควิด 19
  │  2.วัคซีนไข้หวัดใญ่ตามฤดูกาล
  │  ปีละครั้ง
  │  วันเวลาบริการกรุณาติดต่อสอบถามล่วงหน้า
  │  1.วัคซีนป้องกันโควิด 19
  │  2.วัคซีนไข้หวัดใญ่ตามฤดูกาล
  │  ปีละครั้ง
  │  วันเวลาบริการกรุณาติดต่อสอบถามล่วงหน้า

  ┌─ GRADE CHUNKS  →  ✗ not relevant — trying web search

  ┌─ WEB SEARCH  (Tavily fallback)
  │  query   : รพ วลัยลักษณ์  มีหมอฟันนทั้งหมดกี่คน
  │  results : 3 snippet(s)

  ┌─ DRAFT ANSWER  (web search)
  │  ทางคลินิกทันตกรรมของโรงพยาบาลศูนย์การแพทย์มหาวิทยาลัยวลัยลักษณ์ มีทีมทันตแพทย์ผู้เชี่ยวชาญให้บริการมากกว่า 7 ท่านค่ะ
  │  
  │  หากต้องการข้อมูลรายละเอียดเกี่ยวกับรายชื่อหรือความเชี่ยวชาญเฉพาะทางของทันตแพทย์แต่ละท่าน แนะนำให้ติดต่อสอบถามเพิ่มเติมได้ที่เบอร์ 0 7547 9999 กด 0 ในวันและเวลาราชการนะคะ ทางเจ้าหน้าที่จะให้ข้อมูลอย่างละเอียดและตรงตามความต้องการของคุณค่ะ

  ┌─ REFLECTION  (✎ Revised)

  ┌─ FINAL ANSWER
  │  ทางคลินิกทันตกรรมของโรงพยาบาลศูนย์การแพทย์มหาวิทยาลัยวลัยลักษณ์ มีทันตแพทย์ผู้เชี่ยวชาญมากกว่า 7 ท่านให้บริการค่ะ
  │  
  │  หากต้องการข้อมูลรายละเอียดเกี่ยวกับรายชื่อหรือความเชี่ยวชาญของทันตแพทย์แต่ละท่าน สามารถสอบถามเพิ่มเติมได้ที่เบอร์ 0 7547 9999 กด 0 ในวันและเวลาราชการนะคะ เจ้าหน้าที่พร้อมให้ข้อมูลอย่างละเอียดค่ะ

------------------------------------------------------------------------

========================================================================
  2026-05-14 23:02:37   user: cli
========================================================================

  ┌─ QUESTION
  │  Hello

  ┌─ ROUTING  →  SMALLTALK

  ┌─ SMALLTALK  (no retrieval needed)

  ┌─ FINAL ANSWER
  │  Hello! How can I help you today? If you have any questions about the hospital, feel free to ask.

------------------------------------------------------------------------

========================================================================
  2026-05-15 11:20:00   user: cli
========================================================================

  ┌─ QUESTION
  │  What is hospital name?

  ┌─ ROUTING  →  RAG

  ┌─ RETRIEVE (knowledge base)  —  3 chunk(s) found
  │  ── chunk 1 (md) ────────────────────────────────────────────────
  │  # Sample Hospital FAQ (placeholder)
  │  
  │  Replace this file with your real hospital content. The chatbot answers only from documents in `data/raw/` and URLs in `data/urls.txt`.
  │  
  │  ## Emergency
  │  
  │  - Dial 1669 for national emergency services in Thailand.
  │  - Our ER is staffed 24/7 and accepts walk-ins without appointment.
  │  - Ambulance service: +66-2-000-0001.
  │  
  │  ## Visitor Policy
  │  
  │  - Visiting hours: 10:00–20:00 daily.\n
  │  - Maximum 2 visitors per patient at a time.
  │  - Children under 12 are not permitted in inpatient wards.
  │  
  │  ## Parking
  │  
  │  - Free parking for outpatients (first 4 hours), validate at the OPD reception.
  │  - Valet service available at the main entrance, 100 THB per visit.
  │  ── chunk 2 (url) ───────────────────────────────────────────────
  │  ข้อมูลติดต่อโรงพยาบาล
  │  ที่อยู่
  │  222 หมู่ 10 ต.ไทยบุรี อ.ท่าศาลา จ.นครศรีธรรมราช 80160
  │  ติดต่อ
  │  โทร : 0 7547 9999
  │  E-mail : wuh@wu.ac.th
  │  เวลาทำการ
  │  จ – ศ เวลา 8.00-20.00 น.
  │  ส – อา และวันหยุดนักขัตฤกษ์ เวลา 8.00-16.00 น.
  │  แผนกอุบัติเหตุและฉุกเฉินเปิดบริการทุกวัน 24 ชั่วโมง
  │  ── chunk 3 (url) ───────────────────────────────────────────────
  │  วันจันทร์ ถึง วันศุกร์
  │  เวลา 8.30-20.00 น.
  │  วันเสาร์ วันอาทิตย์และ
  │  วันหยุดนักขัตฤกษ์
  │  เวลา 8.30-16.00 น.
  │  เวลา 8.30-20.00 น.
  │  วันเสาร์ วันอาทิตย์และ
  │  วันหยุดนักขัตฤกษ์
  │  เวลา 8.30-16.00 น.
  │  วันจันทร์ ถึง วันเสาร์
  │  เวลา 8.30-16.00 น
  │  เวลา 8.30-16.00 น
  │  บริการฉีดวัคซีน
  │  1.วัคซีนป้องกันโควิด 19
  │  2.วัคซีนไข้หวัดใญ่ตามฤดูกาล
  │  ปีละครั้ง
  │  วันเวลาบริการกรุณาติดต่อสอบถามล่วงหน้า
  │  1.วัคซีนป้องกันโควิด 19
  │  2.วัคซีนไข้หวัดใญ่ตามฤดูกาล
  │  ปีละครั้ง
  │  วันเวลาบริการกรุณาติดต่อสอบถามล่วงหน้า

  ┌─ GRADE CHUNKS  →  ✗ not relevant — trying web search

  ┌─ WEB SEARCH  (Tavily fallback)
  │  query   : Walailuk What is hospital name?
  │  results : 3 snippet(s)

  ┌─ DRAFT ANSWER  (web search)
  │  สวัสดีค่ะ ยินดีต้อนรับสู่โรงพยาบาลวลัยลักษณ์ พร้อมให้บริการคุณค่ะ 😊 / Hello! Welcome to Walailuk Hospital, we are happy to assist you.
  │  
  │  The hospital's name is "Walailak University Hospital" (Thai: โรงพยาบาลศูนย์การแพทย์มหาวิทยาลัยวลัยลักษณ์). If you need any more information or assistance, please feel free to ask!

  ┌─ REFLECTION  (✎ Revised)

  ┌─ FINAL ANSWER
  │  สวัสดีค่ะ ยินดีต้อนรับสู่โรงพยาบาลวลัยลักษณ์ พร้อมให้บริการคุณค่ะ 😊 / Hello! Welcome to Walailak Hospital, we are happy to assist you.
  │  
  │  The hospital's name is "Walailak University Hospital" (Thai: โรงพยาบาลศูนย์การแพทย์มหาวิทยาลัยวลัยลักษณ์). If you need any more information or assistance, please feel free to ask!

------------------------------------------------------------------------

========================================================================
  2026-05-15 11:36:50   user: cli
========================================================================

  ┌─ QUESTION
  │  หหูคอจมูก เปิดกี่โมง

  ┌─ ROUTING  →  RAG

  ┌─ RETRIEVE (knowledge base)  —  3 chunk(s) found
  │  ── chunk 1 (url) ───────────────────────────────────────────────
  │  วันจันทร์ ถึง วันศุกร์
  │  เวลา 8.30-20.00 น.
  │  วันเสาร์ วันอาทิตย์และ
  │  วันหยุดนักขัตฤกษ์
  │  เวลา 8.30-16.00 น.
  │  เวลา 8.30-20.00 น.
  │  วันเสาร์ วันอาทิตย์และ
  │  วันหยุดนักขัตฤกษ์
  │  เวลา 8.30-16.00 น.
  │  วันจันทร์ ถึง วันเสาร์
  │  เวลา 8.30-16.00 น
  │  เวลา 8.30-16.00 น
  │  บริการฉีดวัคซีน
  │  1.วัคซีนป้องกันโควิด 19
  │  2.วัคซีนไข้หวัดใญ่ตามฤดูกาล
  │  ปีละครั้ง
  │  วันเวลาบริการกรุณาติดต่อสอบถามล่วงหน้า
  │  1.วัคซีนป้องกันโควิด 19
  │  2.วัคซีนไข้หวัดใญ่ตามฤดูกาล
  │  ปีละครั้ง
  │  วันเวลาบริการกรุณาติดต่อสอบถามล่วงหน้า
  │  ── chunk 2 (url) ───────────────────────────────────────────────
  │  ข้อมูลติดต่อโรงพยาบาล
  │  ที่อยู่
  │  222 หมู่ 10 ต.ไทยบุรี อ.ท่าศาลา จ.นครศรีธรรมราช 80160
  │  ติดต่อ
  │  โทร : 0 7547 9999
  │  E-mail : wuh@wu.ac.th
  │  เวลาทำการ
  │  จ – ศ เวลา 8.00-20.00 น.
  │  ส – อา และวันหยุดนักขัตฤกษ์ เวลา 8.00-16.00 น.
  │  แผนกอุบัติเหตุและฉุกเฉินเปิดบริการทุกวัน 24 ชั่วโมง
  │  ── chunk 3 (md) ────────────────────────────────────────────────
  │  # Sample Hospital FAQ (placeholder)
  │  
  │  Replace this file with your real hospital content. The chatbot answers only from documents in `data/raw/` and URLs in `data/urls.txt`.
  │  
  │  ## Emergency
  │  
  │  - Dial 1669 for national emergency services in Thailand.
  │  - Our ER is staffed 24/7 and accepts walk-ins without appointment.
  │  - Ambulance service: +66-2-000-0001.
  │  
  │  ## Visitor Policy
  │  
  │  - Visiting hours: 10:00–20:00 daily.\n
  │  - Maximum 2 visitors per patient at a time.
  │  - Children under 12 are not permitted in inpatient wards.
  │  
  │  ## Parking
  │  
  │  - Free parking for outpatients (first 4 hours), validate at the OPD reception.
  │  - Valet service available at the main entrance, 100 THB per visit.

  ┌─ GRADE CHUNKS  →  ✓ relevant

  ┌─ DRAFT ANSWER  (knowledge base)
  │  สวัสดีค่ะ ยินดีต้อนรับสู่โรงพยาบาลวลัยลักษณ์ พร้อมให้บริการคุณค่ะ 😊
  │  
  │  สำหรับเวลาทำการทั่วไปของโรงพยาบาลวลัยลักษณ์คือ  
  │  - วันจันทร์ถึงวันศุกร์ เวลา 8.00–20.00 น.  
  │  - วันเสาร์, วันอาทิตย์ และวันหยุดนักขัตฤกษ์ เวลา 8.00–16.00 น.
  │  
  │  แต่เนื่องจากไม่มีข้อมูลระบุเวลาทำการเฉพาะของแผนกหูคอจมูกโดยตรงในขณะนี้ แนะนำให้คุณติดต่อสอบถามล่วงหน้าที่  
  │  โทรศัพท์: 0 7547 9999  
  │  เพื่อความชัดเจนและได้รับข้อมูลล่าสุดค่ะ
  │  
  │  หากมีอะไรเพิ่มเติม ยินดีให้คำปรึกษาเสมอนะคะ

  ┌─ REFLECTION  (✓ Accepted as-is)

  ┌─ FINAL ANSWER
  │  สวัสดีค่ะ ยินดีต้อนรับสู่โรงพยาบาลวลัยลักษณ์ พร้อมให้บริการคุณค่ะ 😊
  │  
  │  สำหรับเวลาทำการทั่วไปของโรงพยาบาลวลัยลักษณ์คือ  
  │  - วันจันทร์ถึงวันศุกร์ เวลา 8.00–20.00 น.  
  │  - วันเสาร์, วันอาทิตย์ และวันหยุดนักขัตฤกษ์ เวลา 8.00–16.00 น.
  │  
  │  แต่เนื่องจากไม่มีข้อมูลระบุเวลาทำการเฉพาะของแผนกหูคอจมูกโดยตรงในขณะนี้ แนะนำให้คุณติดต่อสอบถามล่วงหน้าที่  
  │  โทรศัพท์: 0 7547 9999  
  │  เพื่อความชัดเจนและได้รับข้อมูลล่าสุดค่ะ
  │  
  │  หากมีอะไรเพิ่มเติม ยินดีให้คำปรึกษาเสมอนะคะ

------------------------------------------------------------------------

========================================================================
  2026-05-28 14:58:52   user: cli
========================================================================

  ┌─ QUESTION
  │  การรักษาคลองรากฟันคืออะไร

  ┌─ ROUTING  →  RAG

  ┌─ RETRIEVE (knowledge base)  —  5 chunk(s) found
  │  ── chunk 1 (docx) ──────────────────────────────────────────────
  │  เอกสารการรักษาคลองรากฟัน
  │  	การรักษาคลองรากฟัน เป็นกระบวนการรักษาการติดเชื้อในโพรงฟันและคลองรากฟัน ทำโดยกำจัดเนื้อเยื่อในที่ติดเชื้อ ทำความสะอาด แล้วอุดคลองรากฟันให้เต็มแน่น เพื่อให้สามารถเก็บรักษาฟันธรรมชาติไว้ใช้งานต่อไป โดยผลสำเร็จในการรักษาคลองรากฟันขึ้นอยู่กับหลายปัจจัยเช่นปริมาณเชื้อโรค และโครงสร้างฟัน ตามด้วยการบูรณะฟันอย่างถาวร เพื่อป้องกันการติดเชื้อซ้ำ และการแตกหักของฟันซึ่งอาจเป็นเหตุให้ต้องสูญเสียฟันในที่สุด   
  │  ขั้นตอนการรักษา
  │  1. อาจฉีดยาชา และใส่แผ่นยางกันน้ำลาย 
  │  2. กรอฟันจนถึงโพรงฟัน ทำความสะอาด และขยายคลองรากฟัน พร้อมล้างทำความสะอาด
  │  3. อาจใส่ยาในคลองรากฟัน และนัดเปลี่ยนยาเป็นระยะ เพื่อรักษาอาการติดเชื้อ
  │  4. อุดคลองรากฟันป้องกันการติดเชื้อซ้ำ
  │  5. พิจารณาบูรณะฟันต่อ ด้วยการอุดฟัน, ใส่เดือยฟัน หรือทำครอบฟัน เพื่อป้องกันฟันแตกหัก
  │  ** ต้องมีการถ่ายภาพรังสี เพื่อการวินิจฉัย และวางแผนกา
  │  ── chunk 2 (docx) ──────────────────────────────────────────────
  │  Root canal treatment Information and Consent Form
  │  	Root canal treatment removes infected tissue from the dental pulp, cleans and disinfects the root canals, and fills them to preserve the natural tooth. The success depends on factors such as bacterial infection and tooth condition. The tooth is then permanently restored to prevent reinfection, fracture, and possible tooth loss.
  │  Treatment Procedure
  │  1. Local anesthesia may be administered, and a rubber dam may be placed to isolate the tooth.
  │  2. The tooth is drilled to access the pulp chamber. The root canals are cleaned, shaped, and irrigated.
  │  3. Medication may be placed inside the root canals, and follow-up visits may be required to change the medication and control the infection.
  │  4. The root canals are filled to prevent reinfection.
  │  5. The
  │  ── chunk 3 (docx) ──────────────────────────────────────────────
  │  าทฟันรักษาโดยการรักษารากฟัน เพื่อกำจัดเชื้อโรคในโพรงประสาทฟันออกก่อนการบูรณะด้วยครอบฟัน
  │  - การถอนฟัน
  │  กรณีที่ฟันขี่นั้นๆไม่สามารถบูรณะได้ด้วยสาเหตุจากเนื้อฟันที่สูญเสียไปมาก หรือการติดเชื้อที่ลุกลามไปยังกระดูกรอบปลายราก 
  │  - การใช้อุปกรณ์ห่อตัวผู้รับการรักษา 
  │  สำหรับเด็กที่ไม่ร่วมมือ เพื่อควบคุมการเคลื่อนไหว และความปลอดภัยในขณะให้การรักษา
  │  - การใส่เครื่องมือกันช่องว่าง
  │  เพื่อป้องกันการเคลื่อนของฟันขี่ข้างๆเข้ามาบริเวณช่องว่างที่ถูกถอนฟัน ไม่ให้เกิดการซ้อนเกของฟันแท้ 
  │  ข้อแนะนำก่อนการรักษา
  │  1. รับประทานอาหารและยาตามปกติ ไม่ควรงดน้ำ งดอาหารเองโดยไม่มีคำแนะนำจากทันตแพทย์
  │  2. ผู้ป่วยหรือผู้ปกครอง แจ้งประวัติสุขภาพ ประวัติใช้ยา และประวัติแพ้ยาให้ทันตแพทย์รับทราบ (ควรนำยาที่รับประทานประจำมาด้วย)
  │  ข้อแนะนำหลังการรักษาหากมีการฉีดยาชาในเด็ก
  │  1. เด็กจะรู้สึกชาและรู้สึกปากหนาแปลกๆ ต้องระมัดระวังไม่ให้เด็กกัดปาก
  │  ── chunk 4 (docx) ──────────────────────────────────────────────
  │  เอกสารการรักษาครอบฟันและสะพานฟัน
  │  	ครอบฟัน คือทันตกรรมบูรณะที่ใช้วัสดุจำลองรูปร่างฟัน ครอบลงบนซี่ฟันที่เสียหาย แตก หัก ผุรุนแรง หรือหลังรักษารากฟัน เพื่อฟื้นฟูโครงสร้างฟันให้แข็งแรง ป้องกันการเสียหายเพิ่มเติม 
  │  ขั้นตอนการรักษา
  │  1. กรอแต่งผิวฟันโดยรอบ โดยอาจใช้ยาชาเฉพาะที่
  │  2. พิมพ์ปากหรือสแกนฟันเพื่อทำแบบจำลองฟัน และส่งแบบจำลองฟันไปยังห้องแลป เพื่อให้ช่าง   ทันตกรรมทำชิ้นงานครอบฟัน 
  │  3. ยึดติดครอบฟัน / สะพานฟันชนิดชั่วคราว สำหรับใช้งานชั่วคราวระหว่างรอชิ้นงานจริง
  │  4. ทันตแพทย์ลองชิ้นงานครอบฟัน / สะพานฟัน และปรับแต่งให้เหมาะสมกับสภาพการสบฟันของผู้ป่วย
  │  5. ยึดติดครอบฟัน / สะพานฟันอย่างถาวรด้วยวัสดุยึดติดทางทันตกรรม
  │  ** ต้องมีการถ่ายภาพรังสี เพื่อการวินิจฉัย และวางแผนการรักษา
  │  ** ต้องมารับการรักษามากกว่า 1 ครั้ง 
  │  ผลลัพธ์ที่เกิดขึ้นหากไม่รักษา
  │  	ฟันอาจแตกและเสียหายมากขึ้นจนไม่สามารถบูรณะได้ จนต้องถอนฟัน
  │  ── chunk 5 (docx) ──────────────────────────────────────────────
  │  tment visit and can be relieved with pain medication. If symptoms do not improve, please return to see your dentist.
  │  2. After root canal treatment is completed, the tooth should be permanently restored to prevent fracture.
  │  3. Avoid biting or chewing hard foods with the tooth that has not yet been restored.
  │  4. Attend regular follow-up appointments as scheduled by your dentist.
  │  5. Even after root canal treatment and restoration, the tooth can still develop tooth decay, so proper brushing and oral hygiene are necessary.
  │  Patient Decision
  │  I acknowledge that I have read and understood the treatment information described in this document. I have also been informed of the treatment costs by the dentist and staff.
  │   I consent to receive Dental Scaling / Root Planing treatment. I understand the poten

  ┌─ GRADE CHUNKS  →  ✓ relevant

  ┌─ DRAFT ANSWER  (knowledge base)
  │  สวัสดีค่ะ ยินดีต้อนรับสู่โรงพยาบาลวลัยลักษณ์ พร้อมให้บริการคุณค่ะ 😊 / Hello! Welcome to Walailuk Hospital, we are happy to assist you.
  │  
  │  การรักษาคลองรากฟัน คือ กระบวนการรักษาฟันที่มีการติดเชื้อหรืออักเสบในโพรงฟันและคลองรากฟัน โดยทันตแพทย์จะกำจัดเนื้อเยื่อที่ติดเชื้อออก ทำความสะอาดคลองรากฟัน แล้วอุดให้แน่น เพื่อป้องกันไม่ให้เชื้อโรคกลับเข้ามาใหม่ค่ะ การรักษานี้ช่วยให้สามารถเก็บรักษาฟันธรรมชาติไว้ใช้งานต่อไป ลดโอกาสสูญเสียฟัน และหลังจากนั้นจะต้องทำการฟื้นฟูฟัน เช่น การอุดฟันหรือครอบฟัน เพื่อให้ฟันแข็งแรงและใช้งานได้ตามปกติค่ะ
  │  
  │  หากต้องการสอบถามข้อมูลเพิ่มเติมหรือนัดหมาย สามารถติดต่อโรงพยาบาลได้เลยนะคะ เราพร้อมดูแลคุณค่ะ

  ┌─ REFLECTION  (✎ Revised)

  ┌─ FINAL ANSWER
  │  สวัสดีค่ะ ยินดีต้อนรับสู่โรงพยาบาลวลัยลักษณ์ พร้อมให้บริการคุณค่ะ 😊
  │  
  │  การรักษาคลองรากฟัน คือกระบวนการรักษาการติดเชื้อในโพรงฟันและคลองรากฟัน โดยทันตแพทย์จะกำจัดเนื้อเยื่อในที่ติดเชื้อ ทำความสะอาด แล้วอุดคลองรากฟันให้เต็มแน่น เพื่อให้สามารถเก็บรักษาฟันธรรมชาติไว้ใช้งานต่อไป หลังการรักษา มักจะต้องมีการบูรณะฟันอย่างถาวร เช่น การอุดฟันหรือทำครอบฟัน เพื่อป้องกันการติดเชื้อซ้ำและป้องกันฟันแตกหักค่ะ
  │  
  │  หากต้องการสอบถามข้อมูลเพิ่มเติมหรือนัดหมาย สามารถติดต่อโรงพยาบาลได้เลยนะคะ เรายินดีดูแลคุณค่ะ

------------------------------------------------------------------------

========================================================================
  2026-05-28 15:01:29   user: cli
========================================================================

  ┌─ QUESTION
  │  รากฟัรนเทียม

  ┌─ ROUTING  →  OFF_TOPIC

  ┌─ OFF-TOPIC  (question not hospital-related)

  ┌─ FINAL ANSWER
  │  ขออภัยค่ะ คำถามของคุณไม่เกี่ยวข้องกับบริการของโรงพยาบาลวลัยลักษณ์ ระบบนี้ให้บริการเฉพาะข้อมูลด้านการแพทย์และบริการของโรงพยาบาลเท่านั้น หากมีคำถามเกี่ยวกับการรักษา แพทย์ หรือบริการของเรา ยินดีให้บริการเสมอค่ะ 🙏
  │  
  │  Sorry, your question is not related to Walailuk Hospital's services. This chatbot is designed to answer questions about our hospital, doctors, and medical services only. Please feel free to ask anything related to our healthcare services.

------------------------------------------------------------------------

========================================================================
  2026-05-28 15:01:34   user: cli
========================================================================

  ┌─ QUESTION
  │  การรักษาคลองรากฟันคืออะไร

  ┌─ ROUTING  →  RAG

  ┌─ RETRIEVE (knowledge base)  —  5 chunk(s) found
  │  ── chunk 1 (docx) ──────────────────────────────────────────────
  │  เอกสารการรักษาคลองรากฟัน
  │  	การรักษาคลองรากฟัน เป็นกระบวนการรักษาการติดเชื้อในโพรงฟันและคลองรากฟัน ทำโดยกำจัดเนื้อเยื่อในที่ติดเชื้อ ทำความสะอาด แล้วอุดคลองรากฟันให้เต็มแน่น เพื่อให้สามารถเก็บรักษาฟันธรรมชาติไว้ใช้งานต่อไป โดยผลสำเร็จในการรักษาคลองรากฟันขึ้นอยู่กับหลายปัจจัยเช่นปริมาณเชื้อโรค และโครงสร้างฟัน ตามด้วยการบูรณะฟันอย่างถาวร เพื่อป้องกันการติดเชื้อซ้ำ และการแตกหักของฟันซึ่งอาจเป็นเหตุให้ต้องสูญเสียฟันในที่สุด   
  │  ขั้นตอนการรักษา
  │  1. อาจฉีดยาชา และใส่แผ่นยางกันน้ำลาย 
  │  2. กรอฟันจนถึงโพรงฟัน ทำความสะอาด และขยายคลองรากฟัน พร้อมล้างทำความสะอาด
  │  3. อาจใส่ยาในคลองรากฟัน และนัดเปลี่ยนยาเป็นระยะ เพื่อรักษาอาการติดเชื้อ
  │  4. อุดคลองรากฟันป้องกันการติดเชื้อซ้ำ
  │  5. พิจารณาบูรณะฟันต่อ ด้วยการอุดฟัน, ใส่เดือยฟัน หรือทำครอบฟัน เพื่อป้องกันฟันแตกหัก
  │  ** ต้องมีการถ่ายภาพรังสี เพื่อการวินิจฉัย และวางแผนกา
  │  ── chunk 2 (docx) ──────────────────────────────────────────────
  │  Root canal treatment Information and Consent Form
  │  	Root canal treatment removes infected tissue from the dental pulp, cleans and disinfects the root canals, and fills them to preserve the natural tooth. The success depends on factors such as bacterial infection and tooth condition. The tooth is then permanently restored to prevent reinfection, fracture, and possible tooth loss.
  │  Treatment Procedure
  │  1. Local anesthesia may be administered, and a rubber dam may be placed to isolate the tooth.
  │  2. The tooth is drilled to access the pulp chamber. The root canals are cleaned, shaped, and irrigated.
  │  3. Medication may be placed inside the root canals, and follow-up visits may be required to change the medication and control the infection.
  │  4. The root canals are filled to prevent reinfection.
  │  5. The
  │  ── chunk 3 (docx) ──────────────────────────────────────────────
  │  าทฟันรักษาโดยการรักษารากฟัน เพื่อกำจัดเชื้อโรคในโพรงประสาทฟันออกก่อนการบูรณะด้วยครอบฟัน
  │  - การถอนฟัน
  │  กรณีที่ฟันขี่นั้นๆไม่สามารถบูรณะได้ด้วยสาเหตุจากเนื้อฟันที่สูญเสียไปมาก หรือการติดเชื้อที่ลุกลามไปยังกระดูกรอบปลายราก 
  │  - การใช้อุปกรณ์ห่อตัวผู้รับการรักษา 
  │  สำหรับเด็กที่ไม่ร่วมมือ เพื่อควบคุมการเคลื่อนไหว และความปลอดภัยในขณะให้การรักษา
  │  - การใส่เครื่องมือกันช่องว่าง
  │  เพื่อป้องกันการเคลื่อนของฟันขี่ข้างๆเข้ามาบริเวณช่องว่างที่ถูกถอนฟัน ไม่ให้เกิดการซ้อนเกของฟันแท้ 
  │  ข้อแนะนำก่อนการรักษา
  │  1. รับประทานอาหารและยาตามปกติ ไม่ควรงดน้ำ งดอาหารเองโดยไม่มีคำแนะนำจากทันตแพทย์
  │  2. ผู้ป่วยหรือผู้ปกครอง แจ้งประวัติสุขภาพ ประวัติใช้ยา และประวัติแพ้ยาให้ทันตแพทย์รับทราบ (ควรนำยาที่รับประทานประจำมาด้วย)
  │  ข้อแนะนำหลังการรักษาหากมีการฉีดยาชาในเด็ก
  │  1. เด็กจะรู้สึกชาและรู้สึกปากหนาแปลกๆ ต้องระมัดระวังไม่ให้เด็กกัดปาก
  │  ── chunk 4 (docx) ──────────────────────────────────────────────
  │  เอกสารการรักษาครอบฟันและสะพานฟัน
  │  	ครอบฟัน คือทันตกรรมบูรณะที่ใช้วัสดุจำลองรูปร่างฟัน ครอบลงบนซี่ฟันที่เสียหาย แตก หัก ผุรุนแรง หรือหลังรักษารากฟัน เพื่อฟื้นฟูโครงสร้างฟันให้แข็งแรง ป้องกันการเสียหายเพิ่มเติม 
  │  ขั้นตอนการรักษา
  │  1. กรอแต่งผิวฟันโดยรอบ โดยอาจใช้ยาชาเฉพาะที่
  │  2. พิมพ์ปากหรือสแกนฟันเพื่อทำแบบจำลองฟัน และส่งแบบจำลองฟันไปยังห้องแลป เพื่อให้ช่าง   ทันตกรรมทำชิ้นงานครอบฟัน 
  │  3. ยึดติดครอบฟัน / สะพานฟันชนิดชั่วคราว สำหรับใช้งานชั่วคราวระหว่างรอชิ้นงานจริง
  │  4. ทันตแพทย์ลองชิ้นงานครอบฟัน / สะพานฟัน และปรับแต่งให้เหมาะสมกับสภาพการสบฟันของผู้ป่วย
  │  5. ยึดติดครอบฟัน / สะพานฟันอย่างถาวรด้วยวัสดุยึดติดทางทันตกรรม
  │  ** ต้องมีการถ่ายภาพรังสี เพื่อการวินิจฉัย และวางแผนการรักษา
  │  ** ต้องมารับการรักษามากกว่า 1 ครั้ง 
  │  ผลลัพธ์ที่เกิดขึ้นหากไม่รักษา
  │  	ฟันอาจแตกและเสียหายมากขึ้นจนไม่สามารถบูรณะได้ จนต้องถอนฟัน
  │  ── chunk 5 (docx) ──────────────────────────────────────────────
  │  tment visit and can be relieved with pain medication. If symptoms do not improve, please return to see your dentist.
  │  2. After root canal treatment is completed, the tooth should be permanently restored to prevent fracture.
  │  3. Avoid biting or chewing hard foods with the tooth that has not yet been restored.
  │  4. Attend regular follow-up appointments as scheduled by your dentist.
  │  5. Even after root canal treatment and restoration, the tooth can still develop tooth decay, so proper brushing and oral hygiene are necessary.
  │  Patient Decision
  │  I acknowledge that I have read and understood the treatment information described in this document. I have also been informed of the treatment costs by the dentist and staff.
  │   I consent to receive Dental Scaling / Root Planing treatment. I understand the poten

  ┌─ GRADE CHUNKS  →  ✓ relevant

  ┌─ DRAFT ANSWER  (knowledge base)
  │  สวัสดีค่ะ ยินดีต้อนรับสู่โรงพยาบาลวลัยลักษณ์ พร้อมให้บริการคุณค่ะ 😊 / Hello! Welcome to Walailuk Hospital, we are happy to assist you.
  │  
  │  การรักษาคลองรากฟัน คือกระบวนการทางทันตกรรมที่ใช้เพื่อรักษาการติดเชื้อในโพรงประสาทฟันและคลองรากฟัน โดยทันตแพทย์จะกำจัดเนื้อเยื่อที่ติดเชื้อภายในฟัน ทำความสะอาดและฆ่าเชื้อ จากนั้นจะอุดคลองรากฟันให้เต็มแน่น เพื่อป้องกันการติดเชื้อซ้ำ และช่วยเก็บรักษาฟันธรรมชาติไว้ใช้งานต่อไป
  │  
  │  ขั้นตอนโดยสังเขป ได้แก่:
  │  1. ฉีดยาชาและอาจใส่แผ่นยางกันน้ำลาย
  │  2. กรอฟันเพื่อเปิดทางเข้าสู่โพรงฟัน ทำความสะอาด และขยายคลองรากฟัน
  │  3. อาจใส่ยาในคลองรากฟันและนัดเปลี่ยนยาหากจำเป็น
  │  4. อุดคลองรากฟันเพื่อป้องกันการติดเชื้อซ้ำ
  │  5. บูรณะฟันด้วยวิธีที่เหมาะสม เช่น อุดฟัน ใส่เดือย หรือทำครอบฟัน เพื่อป้องกันการแตกหัก
  │  
  │  การรักษาคลองรากฟันเป็นวิธีที่ช่วยให้คุณสามารถเก็บฟันธรรมชาติไว้ได้ แทนการถอนฟัน หากมีข้อสงสัยเพิ่มเติม สามารถสอบถามข้อมูลเพิ่มเติมหรือนัดหมายกับทันตแพทย์ของโรงพยาบาลวลัยลักษณ์ได้เลยนะคะ

  ┌─ REFLECTION  (✎ Revised)

  ┌─ FINAL ANSWER
  │  สวัสดีค่ะ ยินดีต้อนรับสู่โรงพยาบาลวลัยลักษณ์ พร้อมให้บริการคุณค่ะ 😊
  │  
  │  การรักษาคลองรากฟัน คือกระบวนการทางทันตกรรมเพื่อรักษาการติดเชื้อในโพรงฟันและคลองรากฟัน โดยทันตแพทย์จะกำจัดเนื้อเยื่อที่ติดเชื้อ ทำความสะอาดและฆ่าเชื้อในคลองรากฟัน จากนั้นจะอุดคลองรากฟันให้แน่น เพื่อป้องกันการติดเชื้อซ้ำ และยังช่วยรักษาฟันธรรมชาติไว้ใช้งานต่อไป
  │  
  │  ขั้นตอนการรักษาโดยสังเขป ได้แก่:
  │  1. อาจมีการฉีดยาชาและใส่แผ่นยางกันน้ำลาย
  │  2. กรอฟันเพื่อเปิดทางเข้าถึงโพรงฟัน ทำความสะอาดและขยายคลองรากฟัน
  │  3. อาจใส่ยาในคลองรากฟันและนัดเปลี่ยนยาเป็นระยะหากจำเป็น
  │  4. อุดคลองรากฟันเพื่อป้องกันการติดเชื้อซ้ำ
  │  5. ฟื้นฟูฟันด้วยการอุด ใส่เดือยฟัน หรือทำครอบฟันตามความเหมาะสม เพื่อป้องกันฟันแตกหัก
  │  
  │  การรักษาคลองรากฟันเป็นวิธีที่ช่วยให้สามารถรักษาฟันธรรมชาติไว้ได้ หากต้องการข้อมูลเพิ่มเติมหรือต้องการนัดหมาย สามารถสอบถามกับเจ้าหน้าที่โรงพยาบาลวลัยลักษณ์ได้เลยนะคะ

------------------------------------------------------------------------

========================================================================
  2026-05-28 15:01:52   user: cli
========================================================================

  ┌─ QUESTION
  │  สนใจเกี่ยวกับรากฟันเทียม

  ┌─ ROUTING  →  RAG

  ┌─ RETRIEVE (knowledge base)  —  5 chunk(s) found
  │  ── chunk 1 (docx) ──────────────────────────────────────────────
  │  also been informed of the treatment costs by the dentist and staff.
  │   I consent to receive implant treatment. I understand the potential risks, possible complications, and associated costs.
  │   I do not consent to receive implant treatment. I acknowledge that I have been fully informed and understand the possible consequences or complications that may occur, and I accept them voluntarily.
  │  Signature ........................................... Consent giver
  │      	 (...........................................)
  │  Status  Patient  Guardian (specify) ...........
  │  Date .................................. Time ……………….
  │   Patient came alone
  │  Signature ........................................... Witness
  │         	 (...........................................)
  │  Relationship to the patient …………………
  │  Signature ........
  │  ── chunk 2 (docx) ──────────────────────────────────────────────
  │  Crown and Bridge Information and Consent Form
  │  	A dental crown is a restorative dental treatment that uses a material shaped like a natural tooth to cover a damaged tooth. It is placed over teeth that are cracked, broken, severely decayed, or after root canal treatment to restore the tooth’s structure, strengthen it, and prevent further damage.
  │  Treatment Procedure
  │  1. The dentist reshapes the tooth by trimming around its surface. Local anesthesia may be used.
  │  2. An impression or digital scan of the teeth is taken to create a dental model. The model is then sent to a dental laboratory where a dental technician fabricates the crown.
  │  3. A temporary crown or bridge is placed while waiting for permanent restoration.
  │  4. The dentist tries in the crown/bridge and adjusts it to fit properly with the
  │  ── chunk 3 (docx) ──────────────────────────────────────────────
  │  Implant Information and Consent Form
  │  	A dental implant is placed into the jawbone to replace the root of a missing natural tooth. This helps support dentures or allows for the placement of a crown on top of the implant. The implant also helps distribute chewing forces to the jawbone.
  │  Treatment Procedure
  │  1. Examination and treatment planning, which may include 3D radiographic imaging.
  │  2. Surgical placement of the dental implant under local anesthesia. In some cases, bone grafting may be performed either at the same time as the implant placement or prior to it. The wound will be sutured, and time is allowed for the bone to integrate with the implant, which usually takes about 2–3 months.
  │  3. Placement of the abutment and taking dental impressions for the crown.
  │  4. Placement of the permanent c
  │  ── chunk 4 (docx) ──────────────────────────────────────────────
  │  Removable denture Information and Consent Form
  │  	Removable dentures are made to replace missing natural teeth, either partially or for the entire arch. They are supported by the gums and any remaining natural teeth. Dentures help improve chewing, speech, and appearance (smile); however, their function is somewhat different from natural teeth. In some cases, treatment may be combined with dental implants to improve denture stability, or surgical bone recontouring may be performed to remove bony prominences that interfere with denture placement.
  │  Treatment Procedure
  │  1. Other dental treatments may be required first if the teeth and gums are not healthy, such as fillings, scaling, or tooth extraction.
  │  2. An impression or digital scan of the mouth will be taken. Natural teeth may be slightly res
  │  ── chunk 5 (docx) ──────────────────────────────────────────────
  │  แปรงฟันให้ถูกวิธีให้ถึงขอบครอบฟัน ร่วมกับการใช้ไหมขัดฟัน
  │  2. ระมัดระวังการเคี้ยวของเหนียวหรือของแข็ง
  │  3. ปฏิบัติตามคำแนะนำของทันตแพทย์
  │  4. ควรมาติดตามผลการรักษาเป็นระยะ ตามที่ทันตแพทย์นัด
  │  การตัดสินใจของผู้ป่วย
  │  ข้าพเจ้ารับทราบและเข้าใจรายละเอียดการรักษาตามเอกสารนี้ และทราบค่าใช้จ่ายที่เกี่ยวข้องกับการรักษาจากทันตแพทย์และเจ้าหน้าที่แล้ว
  │   ข้าพเจ้ายินยอมให้ทำการรักษาครอบฟัน / สะพานฟัน รับทราบความเสี่ยงและผลแทรกซ้อนที่อาจเกิดขึ้น ตลอดจนค่าใช้จ่ายต่างๆที่เกี่ยวข้องแล้ว
  │   ข้าพเจ้าไม่ยินยอมในการทำการรักษาครอบฟัน / สะพานฟัน ทั้งนี้ข้าพเจ้าได้รับทราบข้อมูลต่างๆอย่างถูกต้องครบถ้วน และยอมรับผลเสีย หรือผลข้างเคียงที่อาจเกิดขึ้น ด้วยความสมัครใจของข้าพเจ้าเอง
  │  ลงชื่อ ........................................... ผู้ให้ความยินยอม
  │         (...........................................)
  │  สถานะเป็น  ผู้ป่วย  ผู้ปกครอง

  ┌─ GRADE CHUNKS  →  ✓ relevant

  ┌─ DRAFT ANSWER  (knowledge base)
  │  ขอบคุณที่สนใจเกี่ยวกับรากฟันเทียมค่ะ
  │  
  │  รากฟันเทียมเป็นการรักษาทางทันตกรรมที่ใช้ในการทดแทนรากฟันธรรมชาติที่สูญเสียไป โดยทันตแพทย์จะฝังรากฟันเทียมเข้าไปในกระดูกขากรรไกร เพื่อใช้เป็นฐานรองรับฟันปลอมหรือสะพานฟันอย่างถาวร ช่วยให้การเคี้ยวอาหารมีประสิทธิภาพมากขึ้น และช่วยกระจายแรงบดเคี้ยวสู่กระดูกขากรรไกรได้ใกล้เคียงกับฟันธรรมชาติ
  │  
  │  ขั้นตอนการรักษาโดยสรุป มีดังนี้ค่ะ  
  │  1. **ตรวจวินิจฉัยและวางแผนการรักษา** ซึ่งอาจต้องถ่ายภาพรังสี 3 มิติ
  │  2. **ผ่าตัดฝังรากฟันเทียม** ใต้ยาชาเฉพาะที่ บางกรณีอาจต้องปลูกกระดูกเสริมด้วย  
  │  3. **รอให้กระดูกยึดกับรากฟัน** โดยปกติใช้เวลาประมาณ 2–3 เดือน  
  │  4. **ใส่ abutment และพิมพ์ฟัน** เพื่อทำครอบฟัน  
  │  5. **ใส่ครอบฟันถาวร**
  │  
  │  ทันตแพทย์และเจ้าหน้าที่จะแจ้งข้อมูลขั้นตอนการรักษา ความเสี่ยง ผลข้างเคียง และค่าใช้จ่ายที่เกี่ยวข้องให้คุณทราบก่อนรับการรักษาค่ะ
  │  
  │  หากต้องการข้อมูลเพิ่มเติมหรือสนใจปรึกษาเรื่องรากฟันเทียม แนะนำให้ติดต่อโรงพยาบาลวลัยลักษณ์เพื่อนัดหมายปรึกษาทันตแพทย์โดยตรงนะคะ ยินดีให้บริการค่ะ 😊

  ┌─ REFLECTION  (✓ Accepted as-is)

  ┌─ FINAL ANSWER
  │  ขอบคุณที่สนใจเกี่ยวกับรากฟันเทียมค่ะ
  │  
  │  รากฟันเทียมเป็นการรักษาทางทันตกรรมที่ใช้ในการทดแทนรากฟันธรรมชาติที่สูญเสียไป โดยทันตแพทย์จะฝังรากฟันเทียมเข้าไปในกระดูกขากรรไกร เพื่อใช้เป็นฐานรองรับฟันปลอมหรือสะพานฟันอย่างถาวร ช่วยให้การเคี้ยวอาหารมีประสิทธิภาพมากขึ้น และช่วยกระจายแรงบดเคี้ยวสู่กระดูกขากรรไกรได้ใกล้เคียงกับฟันธรรมชาติ
  │  
  │  ขั้นตอนการรักษาโดยสรุป มีดังนี้ค่ะ  
  │  1. **ตรวจวินิจฉัยและวางแผนการรักษา** ซึ่งอาจต้องถ่ายภาพรังสี 3 มิติ
  │  2. **ผ่าตัดฝังรากฟันเทียม** ใต้ยาชาเฉพาะที่ บางกรณีอาจต้องปลูกกระดูกเสริมด้วย  
  │  3. **รอให้กระดูกยึดกับรากฟัน** โดยปกติใช้เวลาประมาณ 2–3 เดือน  
  │  4. **ใส่ abutment และพิมพ์ฟัน** เพื่อทำครอบฟัน  
  │  5. **ใส่ครอบฟันถาวร**
  │  
  │  ทันตแพทย์และเจ้าหน้าที่จะแจ้งข้อมูลขั้นตอนการรักษา ความเสี่ยง ผลข้างเคียง และค่าใช้จ่ายที่เกี่ยวข้องให้คุณทราบก่อนรับการรักษาค่ะ
  │  
  │  หากต้องการข้อมูลเพิ่มเติมหรือสนใจปรึกษาเรื่องรากฟันเทียม แนะนำให้ติดต่อโรงพยาบาลวลัยลักษณ์เพื่อนัดหมายปรึกษาทันตแพทย์โดยตรงนะคะ ยินดีให้บริการค่ะ 😊

------------------------------------------------------------------------

========================================================================
  2026-05-28 15:02:16   user: cli
========================================================================

  ┌─ QUESTION
  │  ราคาเท่าไหร่

  ┌─ ROUTING  →  RAG

  ┌─ RETRIEVE (knowledge base)  —  5 chunk(s) found
  │  ── chunk 1 (docx) ──────────────────────────────────────────────
  │  ้งปากฐานอะคริลิกชิ้นละ 15,000 บาท ราชการเบิกได้ 3,000 บาท
  │  ฟันเทียมทั้งปากฐานอะคริลิกบนล่าง 25,000 บาท ราชการเบิกได้ 6,000 บาท
  │  ราคาไม่รวมค่าแลปเพิ่มเติม
  │  ครอบฟัน
  │  ราคา 10,000-14,000 มีค่าแลปเพิ่มเติม 2,000-4,000 บาท ราชการเบิกได้ 3,000 บาท
  │  อาจต้องทำเดือยฟันร่วมด้วย โดยมีค่าใช้จ่าย 2,000-4,500 บาท
  │  ** สำหรับข้อมูลละเอียด **
  │  เซรามิก (สีเหมือนฟัน) ราคารวมแลปประมาณ 17,000-18,000 บาท
  │  โลหะ/โลหะเคลือบกระเบื้อง ราคารวมแลปประมาณ 12,000-14,000 บาท
  │  หากเป็นวัสดุราคาสูงเช่น ทองหรือพาลาเดียม จะมีค่าแลปเพิ่มเติมตามราคาวัสดุ
  │  สะพานฟัน
  │  ราคาเริ่มต้น 30,000-48,000 บาท ขึ้นกับวัสดุ อาจมีค่าแลปเพิ่มเติม
  │  วีเนียร์
  │  Composite veneer ราคา 8,000 บาท มีค่าแลปเพิ่มเติม
  │  Ceramic veneer ราคา 10,000 บาท มีค่าแลปเพิ่มเติม (ประมาณ 3,000 บาท)
  │  ออนเลย์ (Onlay)
  │  ราคาเริ่มต้น 7,000 บาท วัสดุเป็นเซรามิก มีค่าแลปเพิ่มเติม (ประมาณ 3,000
  │  ── chunk 2 (docx) ──────────────────────────────────────────────
  │  แลปเพิ่มเติม (ประมาณ 3,000 บาท)
  │  ออนเลย์ (Onlay)
  │  ราคาเริ่มต้น 7,000 บาท วัสดุเป็นเซรามิก มีค่าแลปเพิ่มเติม (ประมาณ 3,000 บาท)
  │  รักษารากฟัน
  │  ฟันหน้า 7,000 บาท ราชการเบิกได้ 1,750 บาท
  │  ฟันกรามน้อย 8,000-9,000 บาท ราชการเบิกได้ 2,500 บาท
  │  ฟันกรามใหญ่ 10,000-12,000 บาท ราชการเบิกได้ 3,500 บาท
  │  ราคาไม่รวมการบูรณะอุดฟันหรือครอบฟัน
  │  ผ่าฟันคุด
  │  ราคาเริ่มต้น 2,200-5,500 บาท ขึ้นกับความยากง่าย
  │  ถอนฟัน
  │  ราคา 800-1,200 บาท ราชการเบิกได้ 200-350 บาท
  │  เด็ก
  │  อุดฟันน้ำนม 500-900 บาท ราชการเบิกได้ 200-600 บาท
  │  เคลือบฟลูออไรด์ขัดฟัน 500-700 บาท ราชการเบิกได้ 170 บาท
  │  ฟอกสีฟัน 
  │  พิมพ์ปากเพื่อทำถาดฟอกสีฟันครั้งนึง และอีกครั้งมารับถาดฟอกและน้ำยากลับไปฟอกทีบ้าน มีน้ำยาให้ 4 หลอด 
  │  ราคาประมาณ 5,000 บาท
  │  ── chunk 3 (docx) ──────────────────────────────────────────────
  │  บฟัน 19,000 บาท รวมซี่ละ 35,000 บาท
  │  Neoss (สวีเดน) ราคาปลูกรากเทียม 21,000 บาท ราคาครอบฟัน 24,000 บาท รวมซี่ละ 45,000 บาท
  │  Straumann (สวิตเซอร์แลนด์) ราคาปลูกรากเทียม 38,000 บาท ราคาครอบฟัน 30,000 บาท รวมซี่ละ 68,000 บาท
  │  Overdenture (ฟันปลอมแบบถอดได้ที่ออกแบบมาให้ยึดติดแน่นกับรากฟันเทียม หรือ รากฟันธรรมชาติ ที่เหลืออยู่ ช่วยแก้ปัญหาฟันปลอมหลวม)
  │  ราคาตามจำนวนรากเทียม ตัวละ 35,000-68,000 บาท และฟันปลอมทั้งปากราคาเริ่มต้น 25,000 บาท
  │  โดยใช้รากเทียมประมาณ 2-4 ตัว ต่อขากรรไกร ทั้งนี้ขึ้นอยู่กับแผนการรักษาของคนไข้แต่ละคน ตามที่คุณหมอแนะนำ
  │  ฟันปลอม
  │  ฟันเทียมอะคริลิก 2,500-7,000 บาท ราชการเบิกได้ 1,500-2,000 บาท
  │  ฟันเทียมฐานโลหะ 8,500-13,000 บาท ราชการเบิกได้ 1,500-2,000 บาท
  │  ฟันเทียมทั้งปากฐานอะคริลิกชิ้นละ 15,000 บาท ราชการเบิกได้ 3,000 บาท
  │  ฟันเทียมทั้งปากฐานอะคริลิกบนล่าง 25,000 บาท ราชการเบิกได้ 6,00
  │  ── chunk 4 (docx) ──────────────────────────────────────────────
  │  รายละเอียดศูนย์สุขภาพ
  │  ศูนย์ทันตกรรมมหาวิทยาลัยวลัยลักษณ์ กรุงเทพฯ เปิดบริการทุกวัน จันทร์-ศุกร์ เวลา 9:00-19:30 น. เสาร์-อาทิตย์ 9:00-17:00น. ทำนัดหมายติดต่อ 092-497-1416 หรือ 096-685-2625 Line: https://page.line.me/728innfr ที่ทำการ https://maps.app.goo.gl/MsBftZuDWUQGHgyy6 แนะนำโทรติดต่อสอบถามเพื่อความรวดเร็วค่ะ
  │  สถานที่ตั้ง 
  │  ถนนพระราม 6 ถัดจากโรงเรียนสามเสน
  │  คำแนะนำ
  │  แนะนำทำนัดเข้ามาให้คุณหมอตรวจช่องปากและวางแผนการรักษาที่เหมาะสม
  │  คิวไม่นาน
  │  ค่าบริการ
  │  แต่ละครั้งจะมีค่าบริการ ครั้งละ 100 บาท สิทธิราชการเบิกได้ 50 บาท
  │  ขูดหินปูน
  │  ราคา 800-1,200 บาท สิทธิราชการเบิกได้ 200-350 บาท
  │  เกลารากฟัน/รักษาโรคเหงือก/โรคปริทันต์/รำมะนาด
  │  ครั้งละ 800-2,000 บาท อาจต้องมาหลายครั้งขึ้นกับความรุนแรงของโรคเหงือก ราชการเบิกได้ 400 บาท
  │  อุดฟัน
  │  เริ่มต้นราคา 900-1,500 สิทธิราชการเบิกได้เริ่มต้น 400 บาท
  │  จัดฟัน
  │  แบบโลหะ เร
  │  ── chunk 5 (docx) ──────────────────────────────────────────────
  │  แรงของโรคเหงือก ราชการเบิกได้ 400 บาท
  │  อุดฟัน
  │  เริ่มต้นราคา 900-1,500 สิทธิราชการเบิกได้เริ่มต้น 400 บาท
  │  จัดฟัน
  │  แบบโลหะ เริ่มต้น 48,000 บาท โดยแบ่งชำระค่าติดเครื่องมือและวางแผน 15,000-20,000 ในช่วง 3 ครั้งแรก และแบ่งชำระปรับเครื่องมือเรื่อยๆครั้งละ 1,400-1,600 บาท 
  │  ดามอน (Damon) เริ่มต้น 72,000 บาท
  │  แบบใส เริ่มต้น 140,000 บาท
  │  จัดฟันกับทันตแพทย์จัดฟัน ป.โท เริ่มต้น 26,500 บาท แบ่งชำระครั้งแรกประมาณ 2,500 บาท และแบ่งชำระปรับเครื่องมือเรื่อยๆครั้งละ 1,000 บาท 
  │  รากเทียม 
  │  ราคา 35,000-68,000 บาท รวมครอบฟันขึ้นกับยี่ห้อ (อาจมีค่าเติมกระดูก ค่าถ่ายภาพรังสี 3 มิติ และค่าแลปเพิ่มเติม) ไม่สามารถเบิกราชการได้
  │  ** สำหรับข้อมูลละเอียด **
  │  Dentium (เกาหลี) ราคาปลูกรากเทียม 16,000 บาท ราคาครอบฟัน 19,000 บาท รวมซี่ละ 35,000 บาท
  │  Neoss (สวีเดน) ราคาปลูกรากเทียม 21,000 บาท ราคาครอบฟัน 24,000 บาท รวมซี่ละ 45,000 บา

  ┌─ GRADE CHUNKS  →  ✓ relevant

  ┌─ DRAFT ANSWER  (knowledge base)
  │  ราคาค่ารักษารากฟันเทียมที่ศูนย์ทันตกรรมมหาวิทยาลัยวลัยลักษณ์ มีรายละเอียดดังนี้ค่ะ
  │  
  │  - **Dentium (เกาหลี)**  
  │    ราคาปลูกรากเทียม 16,000 บาท  
  │    ราคาครอบฟัน 19,000 บาท  
  │    รวมทั้งหมดต่อซี่ 35,000 บาท
  │  
  │  - **Neoss (สวีเดน)**  
  │    ราคาปลูกรากเทียม 21,000 บาท  
  │    ราคาครอบฟัน 24,000 บาท  
  │    รวมทั้งหมดต่อซี่ 45,000 บาท
  │  
  │  - **Straumann (สวิตเซอร์แลนด์)**  
  │    ราคาปลูกรากเทียม 38,000 บาท  
  │    ราคาครอบฟัน 30,000 บาท  
  │    รวมทั้งหมดต่อซี่ 68,000 บาท
  │  
  │  **หมายเหตุ:**  
  │  - ราคานี้ยังไม่รวมค่าใช้จ่ายเพิ่มเติม เช่นค่าปลูกกระดูก (ถ้าจำเป็น), ค่าถ่ายภาพรังสี 3 มิติ และค่าแลปเพิ่มเติมอื่น ๆ ตามการวินิจฉัยของคุณหมอ
  │  - ยังไม่สามารถเบิกสิทธิราชการกับรากฟันเทียมได้ค่ะ
  │  
  │  หากสนใจหรืออยากปรึกษาเพิ่มเติม แนะนำให้นัดหมายเพื่อให้คุณหมอตรวจประเมินสภาพช่องปากก่อนนะคะ จะได้รับข้อมูลและแผนการรักษาที่เหมาะสมกับแต่ละบุคคลค่ะ  
  │  สอบถามหรือทำนัดหมายได้ที่ 092-497-1416 หรือ 096-685-2625 หรือทาง Line: [คลิกที่นี่](https://page.line.me/728innfr) ค่ะ
  │  
  │  ยินดีให้บริการ และดูแลคุณเสมอค่ะ 😊

  ┌─ REFLECTION  (✎ Revised)

  ┌─ FINAL ANSWER
  │  ราคาค่ารักษารากฟันเทียมที่ศูนย์ทันตกรรมมหาวิทยาลัยวลัยลักษณ์ มีรายละเอียดดังนี้ค่ะ
  │  
  │  - **Dentium (เกาหลี)**  
  │    ราคาปลูกรากเทียม 16,000 บาท  
  │    ราคาครอบฟัน 19,000 บาท  
  │    รวมทั้งหมดต่อซี่ 35,000 บาท
  │  
  │  - **Neoss (สวีเดน)**  
  │    ราคาปลูกรากเทียม 21,000 บาท  
  │    ราคาครอบฟัน 24,000 บาท  
  │    รวมทั้งหมดต่อซี่ 45,000 บาท
  │  
  │  - **Straumann (สวิตเซอร์แลนด์)**  
  │    ราคาปลูกรากเทียม 38,000 บาท  
  │    ราคาครอบฟัน 30,000 บาท  
  │    รวมทั้งหมดต่อซี่ 68,000 บาท
  │  
  │  **หมายเหตุ:**  
  │  - ราคานี้ยังไม่รวมค่าใช้จ่ายเพิ่มเติม เช่น ค่าปลูกกระดูก (ถ้าจำเป็น), ค่าถ่ายภาพรังสี 3 มิติ และค่าแลปเพิ่มเติมอื่น ๆ ตามการวินิจฉัยของคุณหมอ
  │  - ยังไม่สามารถเบิกสิทธิราชการกับรากฟันเทียมได้ค่ะ
  │  
  │  หากสนใจหรืออยากปรึกษาเพิ่มเติม แนะนำให้นัดหมายเพื่อให้คุณหมอตรวจประเมินสภาพช่องปากก่อนนะคะ จะได้รับข้อมูลและแผนการรักษาที่เหมาะสมกับแต่ละบุคคลค่ะ  
  │  สอบถามหรือทำนัดหมายได้ที่ 092-497-1416 หรือ 096-685-2625 หรือทาง Line: [คลิกที่นี่](https://page.line.me/728innfr) ค่ะ
  │  
  │  ยินดีให้บริการ และดูแลคุณเสมอค่ะ 😊

------------------------------------------------------------------------

========================================================================
  2026-05-28 15:34:08   user: cli
========================================================================

  ┌─ QUESTION
  │  ขั้นตอนการรักษาคลองรากฟันคืออะไร

  ┌─ ROUTING  →  RAG

  ┌─ DRAFT ANSWER
  │  สวัสดีค่ะ ยินดีต้อนรับสู่โรงพยาบาลวลัยลักษณ์ พร้อมให้บริการคุณค่ะ 😊
  │  
  │  ขั้นตอนการรักษาคลองรากฟันมีดังนี้ค่ะ:
  │  
  │  1. อาจฉีดยาชา และใส่แผ่นยางกันน้ำลายเพื่อให้คุณรู้สึกสบายมากขึ้น
  │  2. กรอฟันจนถึงโพรงฟัน ทำความสะอาด และขยายคลองรากฟัน พร้อมล้างทำความสะอาด
  │  3. อาจใส่ยาในคลองรากฟัน และนัดเปลี่ยนยาเป็นระยะ เพื่อรักษาอาการติดเชื้อ
  │  4. อุดคลองรากฟันเพื่อป้องกันการติดเชื้อซ้ำ
  │  5. พิจารณาบูรณะฟันต่อด้วยการอุดฟัน, ใส่เดือยฟัน หรือทำครอบฟัน เพื่อป้องกันฟันแตกหัก
  │  
  │  ทั้งนี้ต้องมีการถ่ายภาพรังสีเพื่อการวินิจฉัยและวางแผนการรักษาเพิ่มเติมนะคะ หากคุณมีคำถามเพิ่มเติม สามารถสอบถามได้เลยค่ะ 😊

  ┌─ FINAL ANSWER
  │  สวัสดีค่ะ ยินดีต้อนรับสู่โรงพยาบาลวลัยลักษณ์ พร้อมให้บริการคุณค่ะ 😊
  │  
  │  ขั้นตอนการรักษาคลองรากฟันมีดังนี้ค่ะ:
  │  
  │  1. อาจฉีดยาชา และใส่แผ่นยางกันน้ำลายเพื่อให้คุณรู้สึกสบายมากขึ้น
  │  2. กรอฟันจนถึงโพรงฟัน ทำความสะอาด และขยายคลองรากฟัน พร้อมล้างทำความสะอาด
  │  3. อาจใส่ยาในคลองรากฟัน และนัดเปลี่ยนยาเป็นระยะ เพื่อรักษาอาการติดเชื้อ
  │  4. อุดคลองรากฟันเพื่อป้องกันการติดเชื้อซ้ำ
  │  5. พิจารณาบูรณะฟันต่อด้วยการอุดฟัน, ใส่เดือยฟัน หรือทำครอบฟัน เพื่อป้องกันฟันแตกหัก
  │  
  │  ทั้งนี้ต้องมีการถ่ายภาพรังสีเพื่อการวินิจฉัยและวางแผนการรักษาเพิ่มเติมนะคะ หากคุณมีคำถามเพิ่มเติม สามารถสอบถามได้เลยค่ะ 😊

------------------------------------------------------------------------

========================================================================
  2026-05-28 15:36:58   user: cli
========================================================================

  ┌─ QUESTION
  │  สสวัสดีครับ สอบถามเรื่องราคาฟันปลอมหน่อยครับ

  ┌─ ROUTING  →  RAG

  ┌─ DRAFT ANSWER
  │  สวัสดีค่ะ ยินดีต้อนรับสู่โรงพยาบาลวลัยลักษณ์ พร้อมให้บริการคุณค่ะ 😊 ฟันปลอมที่เราให้บริการมีหลายราคา ขึ้นอยู่กับชนิดของฟันปลอมที่คุณต้องการ
  │  
  │  - ฟันเทียมอะคริลิก ราคาอยู่ระหว่าง 2,500-7,000 บาท ราชการเบิกได้ 1,500-2,000 บาท
  │  - ฟันเทียมฐานโลหะ ราคาอยู่ระหว่าง 8,500-13,000 บาท ราชการเบิกได้ 1,500-2,000 บาท
  │  - ฟันเทียมทั้งปากฐานอะคริลิก ราคา 15,000 บาท ราชการเบิกได้ 3,000 บาท
  │  - ฟันเทียมทั้งปากฐานอะคริลิกบนล่าง ราคา 25,000 บาท ราชการเบิกได้ 6,000 บาท
  │  
  │  หากต้องการข้อมูลเพิ่มเติมหรือทำการนัดหมาย สามารถติดต่อที่หมายเลข 092-497-1416 หรือ 096-685-2625 ได้เลยค่ะ

  ┌─ FINAL ANSWER
  │  สวัสดีค่ะ ยินดีต้อนรับสู่โรงพยาบาลวลัยลักษณ์ พร้อมให้บริการคุณค่ะ 😊 ฟันปลอมที่เราให้บริการมีหลายราคา ขึ้นอยู่กับชนิดของฟันปลอมที่คุณต้องการ
  │  
  │  - ฟันเทียมอะคริลิก ราคาอยู่ระหว่าง 2,500-7,000 บาท ราชการเบิกได้ 1,500-2,000 บาท
  │  - ฟันเทียมฐานโลหะ ราคาอยู่ระหว่าง 8,500-13,000 บาท ราชการเบิกได้ 1,500-2,000 บาท
  │  - ฟันเทียมทั้งปากฐานอะคริลิก ราคา 15,000 บาท ราชการเบิกได้ 3,000 บาท
  │  - ฟันเทียมทั้งปากฐานอะคริลิกบนล่าง ราคา 25,000 บาท ราชการเบิกได้ 6,000 บาท
  │  
  │  หากต้องการข้อมูลเพิ่มเติมหรือทำการนัดหมาย สามารถติดต่อที่หมายเลข 092-497-1416 หรือ 096-685-2625 ได้เลยค่ะ

------------------------------------------------------------------------

========================================================================
  2026-05-28 15:44:37   user: cli
========================================================================

  ┌─ QUESTION
  │  สอบถามค่าใช้จ่ายในการทำฟันปลอม มีกี่แบบ

  ┌─ ROUTING  →  RAG

  ┌─ DRAFT ANSWER
  │  สวัสดีค่ะ ยินดีต้อนรับสู่โรงพยาบาลวลัยลักษณ์ พร้อมให้บริการคุณค่ะ 😊
  │  
  │  เกี่ยวกับค่าใช้จ่ายในการทำฟันปลอม เรามีหลายแบบให้เลือกค่ะ ได้แก่:
  │  
  │  1. ฟันปลอมอะคริลิก ราคา 2,500-7,000 บาท (ราชการเบิกได้ 1,500-2,000 บาท)
  │  2. ฟันปลอมฐานโลหะ ราคา 8,500-13,000 บาท (ราชการเบิกได้ 1,500-2,000 บาท)
  │  3. ฟันปลอมทั้งปากฐานอะคริลิก ชิ้นละ 15,000 บาท (ราชการเบิกได้ 3,000 บาท)
  │  4. ฟันปลอมทั้งปากฐานอะคริลิกบนล่าง ราคาเริ่มต้น 25,000 บาท (ราชการเบิกได้ 6,000 บาท)
  │  
  │  หากต้องการข้อมูลเพิ่มเติมหรือรายละเอียดอื่น ๆ แนะนำให้ติดต่อทางโรงพยาบาลโดยตรงนะคะ เพื่อที่เราจะได้ให้คำแนะนำที่เหมาะสมกับคุณค่ะ

  ┌─ FINAL ANSWER
  │  สวัสดีค่ะ ยินดีต้อนรับสู่โรงพยาบาลวลัยลักษณ์ พร้อมให้บริการคุณค่ะ 😊
  │  
  │  เกี่ยวกับค่าใช้จ่ายในการทำฟันปลอม เรามีหลายแบบให้เลือกค่ะ ได้แก่:
  │  
  │  1. ฟันปลอมอะคริลิก ราคา 2,500-7,000 บาท (ราชการเบิกได้ 1,500-2,000 บาท)
  │  2. ฟันปลอมฐานโลหะ ราคา 8,500-13,000 บาท (ราชการเบิกได้ 1,500-2,000 บาท)
  │  3. ฟันปลอมทั้งปากฐานอะคริลิก ชิ้นละ 15,000 บาท (ราชการเบิกได้ 3,000 บาท)
  │  4. ฟันปลอมทั้งปากฐานอะคริลิกบนล่าง ราคาเริ่มต้น 25,000 บาท (ราชการเบิกได้ 6,000 บาท)
  │  
  │  หากต้องการข้อมูลเพิ่มเติมหรือรายละเอียดอื่น ๆ แนะนำให้ติดต่อทางโรงพยาบาลโดยตรงนะคะ เพื่อที่เราจะได้ให้คำแนะนำที่เหมาะสมกับคุณค่ะ

------------------------------------------------------------------------

========================================================================
  2026-05-28 16:10:55   user: cli
========================================================================

  ┌─ QUESTION
  │  สอบถามค่าใช้จ่ายในการทำฟันปลอม มีกี่แบบ

  ┌─ ROUTING  →  RAG

  ┌─ DRAFT ANSWER
  │  สวัสดีค่ะ ขอขอบคุณที่สอบถามข้อมูลค่ะ เกี่ยวกับค่าใช้จ่ายในการทำฟันปลอมที่โรงพยาบาลวลัยลักษณ์ เรามีหลายแบบให้เลือกค่ะ ได้แก่:
  │  
  │  1. **ฟันปลอมอะคริลิก**: ราคา 2,500-7,000 บาท (ราชการเบิกได้ 1,500-2,000 บาท)
  │  2. **ฟันปลอมฐานโลหะ**: ราคา 8,500-13,000 บาท (ราชการเบิกได้ 1,500-2,000 บาท)
  │  3. **ฟันปลอมทั้งปากฐานอะคริลิก**: ราคา 15,000 บาท (ราชการเบิกได้ 3,000 บาท)
  │  4. **ฟันปลอมทั้งปากฐานอะคริลิกบนล่าง**: ราคาเริ่มต้น 25,000 บาท (ราชการเบิกได้ 6,000 บาท)
  │  
  │  หากคุณมีคำถามเพิ่มเติมหรือต้องการรายละเอียดอื่น ๆ อาจจะเป็นการดีที่จะติดต่อโรงพยาบาลโดยตรงนะคะ เพื่อให้เราสามารถช่วยคุณได้ดียิ่งขึ้นค่ะ 😊

  ┌─ FINAL ANSWER
  │  สวัสดีค่ะ ขอขอบคุณที่สอบถามข้อมูลค่ะ เกี่ยวกับค่าใช้จ่ายในการทำฟันปลอมที่โรงพยาบาลวลัยลักษณ์ เรามีหลายแบบให้เลือกค่ะ ได้แก่:
  │  
  │  1. **ฟันปลอมอะคริลิก**: ราคา 2,500-7,000 บาท (ราชการเบิกได้ 1,500-2,000 บาท)
  │  2. **ฟันปลอมฐานโลหะ**: ราคา 8,500-13,000 บาท (ราชการเบิกได้ 1,500-2,000 บาท)
  │  3. **ฟันปลอมทั้งปากฐานอะคริลิก**: ราคา 15,000 บาท (ราชการเบิกได้ 3,000 บาท)
  │  4. **ฟันปลอมทั้งปากฐานอะคริลิกบนล่าง**: ราคาเริ่มต้น 25,000 บาท (ราชการเบิกได้ 6,000 บาท)
  │  
  │  หากคุณมีคำถามเพิ่มเติมหรือต้องการรายละเอียดอื่น ๆ อาจจะเป็นการดีที่จะติดต่อโรงพยาบาลโดยตรงนะคะ เพื่อให้เราสามารถช่วยคุณได้ดียิ่งขึ้นค่ะ 😊

------------------------------------------------------------------------

========================================================================
  2026-05-28 16:42:54   user: cli
========================================================================

  ┌─ QUESTION
  │  ค่าฟันปลอมเท่าไหร่

  ┌─ ROUTING  →  RAG

  ┌─ DRAFT ANSWER
  │  สวัสดีค่ะ ยินดีต้อนรับสู่โรงพยาบาลวลัยลักษณ์ พร้อมให้บริการคุณค่ะ 😊 
  │  
  │  ราคาฟันปลอมจะแบ่งออกเป็นหลายประเภทดังนี้ค่ะ:
  │  
  │  1. ฟันปลอมแบบถอดได้ทั่วไป: 
  │     - อะคริลิก: 2,500 - 7,000 บาท
  │     - ฐานโลหะ: 8,500 - 13,000 บาท
  │     
  │  2. ฟันปลอมทั้งปาก:
  │     - ฐานอะคริลิกชิ้นละ: 15,000 บาท
  │     - ฐานอะคริลิกบนล่าง: 25,000 บาท
  │  
  │  หากต้องการข้อมูลเพิ่มเติมหรือคำแนะนำเกี่ยวกับการรักษา สามารถติดต่อโรงพยาบาลโดยตรงได้ค่ะ

  ┌─ FINAL ANSWER
  │  สวัสดีค่ะ ยินดีต้อนรับสู่โรงพยาบาลวลัยลักษณ์ พร้อมให้บริการคุณค่ะ 😊 
  │  
  │  ราคาฟันปลอมจะแบ่งออกเป็นหลายประเภทดังนี้ค่ะ:
  │  
  │  1. ฟันปลอมแบบถอดได้ทั่วไป: 
  │     - อะคริลิก: 2,500 - 7,000 บาท
  │     - ฐานโลหะ: 8,500 - 13,000 บาท
  │     
  │  2. ฟันปลอมทั้งปาก:
  │     - ฐานอะคริลิกชิ้นละ: 15,000 บาท
  │     - ฐานอะคริลิกบนล่าง: 25,000 บาท
  │  
  │  หากต้องการข้อมูลเพิ่มเติมหรือคำแนะนำเกี่ยวกับการรักษา สามารถติดต่อโรงพยาบาลโดยตรงได้ค่ะ

------------------------------------------------------------------------

========================================================================
  2026-05-28 16:48:20   user: cli
========================================================================

  ┌─ QUESTION
  │  ค่าฟันปลอมเท่าไหร่

  ┌─ ROUTING  →  RAG

  ┌─ DRAFT ANSWER
  │  ราคาฟันปลอมมีรายละเอียดดังนี้ค่ะ:
  │  
  │  1. ฟันปลอมแบบถอดได้:
  │     - ฟันเทียมอะคริลิก: 2,500 - 7,000 บาท
  │     - ฟันเทียมฐานโลหะ: 8,500 - 13,000 บาท
  │  
  │  2. ฟันปลอมทั้งปาก:
  │     - ฐานอะคริลิกชิ้นละ: 15,000 บาท
  │     - ฐานอะคริลิกบนล่าง: 25,000 บาท
  │  
  │  หากต้องการรายละเอียดเพิ่มเติมหรือคำแนะนำในการรักษา สามารถติดต่อโรงพยาบาลได้โดยตรงนะคะ เราจะยินดีให้ความช่วยเหลือค่ะ 😊

  ┌─ FINAL ANSWER
  │  ราคาฟันปลอมมีรายละเอียดดังนี้ค่ะ:
  │  
  │  1. ฟันปลอมแบบถอดได้:
  │     - ฟันเทียมอะคริลิก: 2,500 - 7,000 บาท
  │     - ฟันเทียมฐานโลหะ: 8,500 - 13,000 บาท
  │  
  │  2. ฟันปลอมทั้งปาก:
  │     - ฐานอะคริลิกชิ้นละ: 15,000 บาท
  │     - ฐานอะคริลิกบนล่าง: 25,000 บาท
  │  
  │  หากต้องการรายละเอียดเพิ่มเติมหรือคำแนะนำในการรักษา สามารถติดต่อโรงพยาบาลได้โดยตรงนะคะ เราจะยินดีให้ความช่วยเหลือค่ะ 😊

------------------------------------------------------------------------

========================================================================
  2026-05-28 17:25:46   user: cli
========================================================================

  ┌─ QUESTION
  │  ค่าฟันปลอมเท่าไหร่    ค่าฟันปลอมเท่าไหร่

  ┌─ ROUTING  →  RAG

  ┌─ DRAFT ANSWER
  │  สวัสดีค่ะ ยินดีต้อนรับสู่โรงพยาบาลวลัยลักษณ์ พร้อมให้บริการคุณค่ะ 😊
  │  
  │  ค่าฟันปลอมมีหลายประเภทและราคาที่แตกต่างกัน ดังนี้ค่ะ
  │  
  │  1. ฟันเทียมอะคริลิก 
  │  
  │     - ราคา 2,500 - 7,000 บาท 
  │  
  │     - ราชการเบิกได้ 1,500 - 2,000 บาท 
  │  
  │     
  │  
  │  2. ฟันเทียมฐานโลหะ 
  │  
  │     - ราคา 8,500 - 13,000 บาท 
  │  
  │     - ราชการเบิกได้ 1,500 - 2,000 บาท 
  │  
  │     
  │  
  │  3. ฟันเทียมทั้งปากฐานอะคริลิก 
  │  
  │     - ราคาชิ้นละ 15,000 บาท 
  │  
  │     - ราชการเบิกได้ 3,000 บาท 
  │  
  │     
  │  
  │  4. ฟันเทียมทั้งปากฐานอะคริลิกบนล่าง 
  │  
  │     - ราคา 25,000 บาท 
  │  
  │     - ราชการเบิกได้ 6,000 บาท 
  │  
  │     
  │  
  │  ราคาดังกล่าวไม่รวมค่าแลปเพิ่มเติมนะคะ
  │  
  │  หากคุณมีคำถามเพิ่มเติมหรือต้องการข้อมูลที่ละเอียดมากขึ้น สามารถติดต่อที่โรงพยาบาลโดยตรงได้ค่ะ 
  │  
  │  ขอบคุณค่ะ!

  ┌─ FINAL ANSWER
  │  สวัสดีค่ะ ยินดีต้อนรับสู่โรงพยาบาลวลัยลักษณ์ พร้อมให้บริการคุณค่ะ 😊
  │  
  │  ค่าฟันปลอมมีหลายประเภทและราคาที่แตกต่างกัน ดังนี้ค่ะ
  │  
  │  1. ฟันเทียมอะคริลิก 
  │  
  │     - ราคา 2,500 - 7,000 บาท 
  │  
  │     - ราชการเบิกได้ 1,500 - 2,000 บาท 
  │  
  │     
  │  
  │  2. ฟันเทียมฐานโลหะ 
  │  
  │     - ราคา 8,500 - 13,000 บาท 
  │  
  │     - ราชการเบิกได้ 1,500 - 2,000 บาท 
  │  
  │     
  │  
  │  3. ฟันเทียมทั้งปากฐานอะคริลิก 
  │  
  │     - ราคาชิ้นละ 15,000 บาท 
  │  
  │     - ราชการเบิกได้ 3,000 บาท 
  │  
  │     
  │  
  │  4. ฟันเทียมทั้งปากฐานอะคริลิกบนล่าง 
  │  
  │     - ราคา 25,000 บาท 
  │  
  │     - ราชการเบิกได้ 6,000 บาท 
  │  
  │     
  │  
  │  ราคาดังกล่าวไม่รวมค่าแลปเพิ่มเติมนะคะ
  │  
  │  หากคุณมีคำถามเพิ่มเติมหรือต้องการข้อมูลที่ละเอียดมากขึ้น สามารถติดต่อที่โรงพยาบาลโดยตรงได้ค่ะ 
  │  
  │  ขอบคุณค่ะ!

------------------------------------------------------------------------

