========================================================================
  2026-06-10 18:43:42   user: cli
========================================================================

  ┌─ QUESTION
  │  สวัสดีครับ

  ┌─ CLASSIFY  →  SMALLTALK

  ┌─ SMALLTALK

  ┌─ FINAL ANSWER
  │  สวัสดีครับ! มีคำถามเกี่ยวกับโรงพยาบาลหรืออะไรที่ฉันสามารถช่วยได้บ้าง?

------------------------------------------------------------------------

========================================================================
  2026-06-10 18:44:08   user: cli
========================================================================

  ┌─ QUESTION
  │  ขูดหินปูน ราคาเท่าไหร่ ต้องเตรียมตัวอะไรบ้างครับ

  ┌─ CLASSIFY  →  TREATMENT  files=[1]

  ┌─ READ_FILES  —  2 file(s) loaded
  │  ✓ 1.เอกสารการรักษาขูดหินปูนและเกลารากฟัน.docx (2535 chars)
  │  ✓ 12.ราคาและข้อมูลทั่วไปเกี่ยวกับโรงพยาบาล.docx (3386 chars)

  ┌─ ANSWER
  │  ราคาขูดหินปูนอยู่ที่ 800-1,200 บาท โดยสามารถเบิกได้ 200-350 บาท หากเป็นข้าราชการ
  │  
  │  สำหรับการเตรียมตัวก่อนการรักษาขูดหินปูน คุณควร:
  │  
  │  1. รับประทานอาหารและยาตามปกติ ไม่ควรงดน้ำ งดอาหารเองโดยไม่มีคำแนะนำจากทันตแพทย์
  │  2. แจ้งประวัติสุขภาพ ประวัติการใช้ยา และประวัติแพ้ยาให้ทันตแพทย์รับทราบ (ควรนำยาที่รับประ

  ┌─ FINAL ANSWER
  │  ราคาขูดหินปูนอยู่ที่ 800-1,200 บาท โดยสามารถเบิกได้ 200-350 บาท หากเป็นข้าราชการ
  │  
  │  สำหรับการเตรียมตัวก่อนการรักษาขูดหินปูน คุณควร:
  │  
  │  1. รับประทานอาหารและยาตามปกติ ไม่ควรงดน้ำ งดอาหารเองโดยไม่มีคำแนะนำจากทันตแพทย์
  │  2. แจ้งประวัติสุขภาพ ประวัติการใช้ยา และประวัติแพ้ยาให้ทันตแพทย์รับทราบ (ควรนำยาที่รับประทานประจำมาด้วย)
  │  
  │  หากคุณต้องการข้อมูลเพิ่มเติมหรือมีคำถามอื่น ๆ สามารถติดต่อโรงพยาบาลโดยตรงได้ที่หมายเลข 092-497-1416 หรือ 096-685-2625 ครับ

------------------------------------------------------------------------

========================================================================
  2026-06-10 18:50:47   user: cli
========================================================================

  ┌─ QUESTION
  │  ทำฟันปลอม มีกี่แบบ ราคาเท่าไหร่

  ┌─ CLASSIFY  →  TREATMENT  files=[5]

  ┌─ READ_FILES  —  2 file(s) loaded
  │  ✓ 5.เอกสารการรักษาฟันปลอมถอดได้.docx (2810 chars)
  │  ✓ 12.ราคาและข้อมูลทั่วไปเกี่ยวกับโรงพยาบาล.docx (3386 chars)

  ┌─ ANSWER
  │  ฟันปลอมมีหลายแบบ ดังนี้:
  │  
  │  1. **ฟันปลอมถอดได้ (Removable Denture)**
  │     - ฟันเทียมอะคริลิก: ราคา 2,500-7,000 บาท (ราชการเบิกได้ 1,500-2,000 บาท)
  │     - ฟันเทียมฐานโลหะ: ราคา 8,500-13,000 บาท (ราชการเบิกได้ 1,500-2,000 บาท)
  │     - ฟันเทียมทั้งปากฐานอะคริลิก: ราคา 15,000 บาท (ราชการเบิกได้ 3,000 บาท)
  │     - ฟ

  ┌─ FINAL ANSWER
  │  ฟันปลอมมีหลายแบบ ดังนี้:
  │  
  │  1. **ฟันปลอมถอดได้ (Removable Denture)**
  │     - ฟันเทียมอะคริลิก: ราคา 2,500-7,000 บาท (ราชการเบิกได้ 1,500-2,000 บาท)
  │     - ฟันเทียมฐานโลหะ: ราคา 8,500-13,000 บาท (ราชการเบิกได้ 1,500-2,000 บาท)
  │     - ฟันเทียมทั้งปากฐานอะคริลิก: ราคา 15,000 บาท (ราชการเบิกได้ 3,000 บาท)
  │     - ฟันเทียมทั้งปากฐานอะคริลิกบนล่าง: ราคา 25,000 บาท (ราชการเบิกได้ 6,000 บาท)
  │  
  │  2. **ฟันปลอมแบบถอดได้ที่ออกแบบให้ยึดติดแน่นกับรากฟันเทียม (Overdenture)**
  │     - ราคาตามจำนวนรากเทียมประมาณ 35,000-68,000 บาท และฟันปลอมทั้งหมดราคาเริ่มต้น 25,000 บาท
  │  
  │  หากท่านต้องการข้อมูลหรือคำแนะนำเพิ่มเติม สามารถติดต่อโรงพยาบาลได้โดยตรงค่ะ

------------------------------------------------------------------------

========================================================================
  2026-06-10 18:59:58   user: cli
========================================================================

  ┌─ QUESTION
  │  สวัสดีครับ สอบถามเรื่องราคาฟันปลอมหน่อยครับ

  ┌─ CLASSIFY  →  TREATMENT  files=[5]

  ┌─ READ_FILES  —  2 file(s) loaded
  │  ✓ 5.เอกสารการรักษาฟันปลอมถอดได้.docx (2810 chars)
  │  ✓ 12.ราคาและข้อมูลทั่วไปเกี่ยวกับโรงพยาบาล.docx (3386 chars)

  ┌─ ANSWER
  │  สวัสดีค่ะ ยินดีต้อนรับสู่โรงพยาบาลวลัยลักษณ์ พร้อมให้บริการคุณค่ะ 😊 / Hello! Welcome to Walailuk Hospital — happy to help you today!
  │  
  │  ราคาฟันปลอมมีดังนี้ค่ะ:
  │  - ฟันเทียมอะคริลิก: 2,500-7,000 บาท (ราชการเบิกได้ 1,500-2,000 บาท)
  │  - ฟันเทียมฐานโลหะ: 8,500-13,000 บาท (ราชการเบิกได้ 1,500-2,000 บาท)
  │  - ฟันเทียมทั้งปากฐานอะคริลิก: 15,000 บาท (ราชการเบิกได้ 3,000 บาท)
  │  - ฟันเทียมทั้งปากฐานอะคริลิกบนล่าง: 25,

  ┌─ FINAL ANSWER
  │  สวัสดีค่ะ ยินดีต้อนรับสู่โรงพยาบาลวลัยลักษณ์ พร้อมให้บริการคุณค่ะ 😊 / Hello! Welcome to Walailuk Hospital — happy to help you today!
  │  
  │  ราคาฟันปลอมมีดังนี้ค่ะ:
  │  - ฟันเทียมอะคริลิก: 2,500-7,000 บาท (ราชการเบิกได้ 1,500-2,000 บาท)
  │  - ฟันเทียมฐานโลหะ: 8,500-13,000 บาท (ราชการเบิกได้ 1,500-2,000 บาท)
  │  - ฟันเทียมทั้งปากฐานอะคริลิก: 15,000 บาท (ราชการเบิกได้ 3,000 บาท)
  │  - ฟันเทียมทั้งปากฐานอะคริลิกบนล่าง: 25,000 บาท (ราชการเบิกได้ 6,000 บาท)
  │  
  │  หากคุณต้องการข้อมูลเพิ่มเติมหรือทำการนัดหมาย แนะนำให้ติดต่อโรงพยาบาลโดยตรงที่หมายเลข 092-497-1416 หรือ 096-685-2625 ได้เลยค่ะ

------------------------------------------------------------------------

========================================================================
  2026-06-10 19:27:51   user: cli
========================================================================

  ┌─ QUESTION
  │  สวัสดีครับ

  ┌─ CLASSIFY  →  SMALLTALK

  ┌─ SMALLTALK

  ┌─ FINAL ANSWER
  │  สวัสดีค่ะ ยินดีต้อนรับสู่ศูนย์ทันตกรรม ม.วลัยลักษณ์ กรุงเทพค่ะ มีอะไรให้ดิฉันช่วยเหลือได้บ้างคะ

------------------------------------------------------------------------

========================================================================
  2026-06-10 20:45:16   user: cli
========================================================================

  ┌─ QUESTION
  │  ค่าบริการ

  ┌─ CLASSIFY  →  GENERAL

  ┌─ READ_FILES  —  1 file(s) loaded
  │  ✓ 12.ราคาและข้อมูลทั่วไปเกี่ยวกับโรงพยาบาล.docx (3386 chars)

  ┌─ ANSWER
  │  สวัสดีค่ะ ยินดีต้อนรับสู่ศูนย์ทันตกรรม ม.วลัยลักษณ์ กรุงเทพ 😊
  │  
  │  ค่าบริการของศูนย์ทันตกรรมมีดังนี้ค่ะ:
  │  
  │  - ค่าบริการตรวจช่องปาก: 100 บาท (สิทธิราชการเบิกได้ 50 บาท)
  │  - ขูดหินปูน: 800-1,200 บาท (สิทธิราชการเบิกได้ 200-350 บาท)
  │  - เกลารากฟัน/รักษาโรคเหงือก: 800-2,000 บาท (ราชการเบิกได้ 400 บาท)
  │  - อุดฟัน: เริ่มต้น 900-1,500 บาท (สิทธิราชการเบิกได้เริ่มต้น 400 บาท)
  │  - จัดฟัน:
  │    - แบบโลหะ: เริ่มต้น 48,000 บา

  ┌─ FINAL ANSWER
  │  สวัสดีค่ะ ยินดีต้อนรับสู่ศูนย์ทันตกรรม ม.วลัยลักษณ์ กรุงเทพ 😊
  │  
  │  ค่าบริการของศูนย์ทันตกรรมมีดังนี้ค่ะ:
  │  
  │  - ค่าบริการตรวจช่องปาก: 100 บาท (สิทธิราชการเบิกได้ 50 บาท)
  │  - ขูดหินปูน: 800-1,200 บาท (สิทธิราชการเบิกได้ 200-350 บาท)
  │  - เกลารากฟัน/รักษาโรคเหงือก: 800-2,000 บาท (ราชการเบิกได้ 400 บาท)
  │  - อุดฟัน: เริ่มต้น 900-1,500 บาท (สิทธิราชการเบิกได้เริ่มต้น 400 บาท)
  │  - จัดฟัน:
  │    - แบบโลหะ: เริ่มต้น 48,000 บาท
  │    - ดามอน (Damon): เริ่มต้น 72,000 บาท
  │    - แบบใส: เริ่มต้น 140,000 บาท
  │    - จัดฟันกับทันตแพทย์จัดฟัน ป.โท: เริ่มต้น 26,500 บาท
  │  - รากเทียม: 35,000-68,000 บาท (ไม่สามารถเบิกได้)
  │  - ฟันปลอม:
  │    - ฟันเทียมอะคริลิก: 2,500-7,000 บาท (ราชการเบิกได้ 1,500-2,000 บาท)
  │    - ฟันเทียมฐานโลหะ: 8,500-13,000 บาท (ราชการเบิกได้ 1,500-2,000 บาท)
  │  - ครอบฟัน: 10,000-14,000 บาท (ราชการเบิกได้ 3,000 บาท และอาจมีค่าแลปเพิ่มเติม)
  │  - รักษารากฟัน: 
  │    - ฟันหน้า: 7,000 บาท (ราชการเบิกได้ 1,750 บาท)
  │    - ฟันกรามน้อย: 8,000-9,000 บาท (ราชการเบิกได้ 2,500 บาท)
  │    - ฟันกรามใหญ่: 10,000-12,000 บาท (ราชการเบิกได้ 3,500 บาท)
  │  - ผ่าฟันคุด: เริ่มต้น 2,200-5,500 บาท
  │  - ถอนฟัน: 800-1,200 บาท (ราชการเบิกได้ 200-350 บาท)
  │  
  │  หากต้องการข้อมูลเพิ่มเติม หรือต้องการนัดหมาย สามารถติดต่อเบอร์ 092-497-1416 หรือ 096-685-2625 ได้นะคะ 😊

------------------------------------------------------------------------

========================================================================
  2026-06-10 20:54:56   user: cli
========================================================================

  ┌─ QUESTION
  │  เปิดกี่โมง

  ┌─ CLASSIFY  →  GENERAL

  ┌─ READ_FILES  —  1 file(s) loaded
  │  ✓ 12.ราคาและข้อมูลทั่วไปเกี่ยวกับโรงพยาบาล.docx (3386 chars)

  ┌─ ANSWER
  │  สวัสดีค่ะ ยินดีต้อนรับสู่ศูนย์ทันตกรรม ม.วลัยลักษณ์ กรุงเทพ 😊 
  │  
  │  ศูนย์ทันตกรรมเปิดบริการทุกวันค่ะ
  │  - จันทร์-ศุกร์ เวลา 9:00-19:30 น.
  │  - เสาร์-อาทิตย์ เวลา 9:00-17:00 น. 
  │  
  │  หากต้องการข้อมูลเพิ่มเติมหรือทำนัดหมาย สามารถติดต่อได้ที่เบอร์ 092-497-1416 หรือ 096-685-2625 ค่ะ

  ┌─ FINAL ANSWER
  │  สวัสดีค่ะ ยินดีต้อนรับสู่ศูนย์ทันตกรรม ม.วลัยลักษณ์ กรุงเทพ 😊 
  │  
  │  ศูนย์ทันตกรรมเปิดบริการทุกวันค่ะ
  │  - จันทร์-ศุกร์ เวลา 9:00-19:30 น.
  │  - เสาร์-อาทิตย์ เวลา 9:00-17:00 น. 
  │  
  │  หากต้องการข้อมูลเพิ่มเติมหรือทำนัดหมาย สามารถติดต่อได้ที่เบอร์ 092-497-1416 หรือ 096-685-2625 ค่ะ

------------------------------------------------------------------------

========================================================================
  2026-06-10 20:56:18   user: cli
========================================================================

  ┌─ QUESTION
  │  ราคาแต่ละบริการเท่าไหร่บ้าง

  ┌─ CLASSIFY  →  GENERAL

  ┌─ READ_FILES  —  1 file(s) loaded
  │  ✓ 12.ราคาและข้อมูลทั่วไปเกี่ยวกับโรงพยาบาล.docx (3386 chars)

  ┌─ ANSWER
  │  สวัสดีค่ะ ยินดีต้อนรับสู่ศูนย์ทันตกรรม ม.วลัยลักษณ์ กรุงเทพ 😊 
  │  
  │  นี่คือราคาแต่ละบริการที่เรามีให้ค่ะ:
  │  
  │  1. **ค่าบริการทั่วไป**: ครั้งละ 100 บาท (สิทธิราชการเบิกได้ 50 บาท)
  │  2. **ขูดหินปูน**: 800-1,200 บาท (สิทธิราชการเบิกได้ 200-350 บาท)
  │  3. **เกลารากฟัน/รักษาโรคเหงือก**: 800-2,000 บาท (เบิกที่ราชการได้ 400 บาท)
  │  4. **อุดฟัน**: เริ่มต้น 900-1,500 บาท (เบิกที่ราชการได้เริ่มต้น 400 บาท)
  │  5. **จัดฟัน**:
  │    

  ┌─ FINAL ANSWER
  │  สวัสดีค่ะ ยินดีต้อนรับสู่ศูนย์ทันตกรรม ม.วลัยลักษณ์ กรุงเทพ 😊 
  │  
  │  นี่คือราคาแต่ละบริการที่เรามีให้ค่ะ:
  │  
  │  1. **ค่าบริการทั่วไป**: ครั้งละ 100 บาท (สิทธิราชการเบิกได้ 50 บาท)
  │  2. **ขูดหินปูน**: 800-1,200 บาท (สิทธิราชการเบิกได้ 200-350 บาท)
  │  3. **เกลารากฟัน/รักษาโรคเหงือก**: 800-2,000 บาท (เบิกที่ราชการได้ 400 บาท)
  │  4. **อุดฟัน**: เริ่มต้น 900-1,500 บาท (เบิกที่ราชการได้เริ่มต้น 400 บาท)
  │  5. **จัดฟัน**:
  │     - แบบโลหะ: เริ่มต้น 48,000 บาท
  │     - ดามอน (Damon): เริ่มต้น 72,000 บาท
  │     - แบบใส: เริ่มต้น 140,000 บาท
  │     - จัดฟันกับทันตแพทย์จัดฟัน ป.โท: เริ่มต้น 26,500 บาท
  │  6. **รากเทียม**: 35,000-68,000 บาท (ไม่สามารถเบิกราชการได้)
  │  7. **ฟันปลอม**:
  │     - ฟันเทียมอะคริลิก: 2,500-7,000 บาท (เบิกที่ราชการได้ 1,500-2,000 บาท)
  │     - ฟันเทียมทั้งปากฐานอะคริลิก: 15,000 บาท (เบิกได้ 3,000 บาท) และอีกหลายแบบ
  │  8. **ครอบฟัน**: 10,000-14,000 บาท (ค่าแลปเพิ่มเติม 2,000-4,000 บาท, เบิกได้ 3,000 บาท)
  │  9. **รักษารากฟัน**: 
  │     - ฟันหน้า: 7,000 บาท
  │     - ฟันกรามน้อย: 8,000-9,000 บาท 
  │     - ฟันกรามใหญ่: 10,000-12,000 บาท
  │  10. **ผ่าฟันคุด**: 2,200-5,500 บาท (ขึ้นอยู่กับความยากง่าย)
  │  11. **ถอนฟัน**: 800-1,200 บาท (เบิกที่ราชการได้ 200-350 บาท)
  │  12. **ฟอกสีฟัน**: ประมาณ 5,000 บาท
  │  
  │  หากต้องการข้อมูลเพิ่มเติมหรือทำนัดหมาย สามารถติดต่อเรานะคะ 😊

------------------------------------------------------------------------

========================================================================
  2026-06-10 20:57:36   user: cli
========================================================================

  ┌─ QUESTION
  │  ค่าบริการเท่าไหร่บ้าง

  ┌─ CLASSIFY  →  GENERAL

  ┌─ READ_FILES  —  1 file(s) loaded
  │  ✓ 12.ราคาและข้อมูลทั่วไปเกี่ยวกับโรงพยาบาล.docx (3386 chars)

  ┌─ ANSWER
  │  สวัสดีค่ะ ยินดีต้อนรับสู่ศูนย์ทันตกรรม ม.วลัยลักษณ์ กรุงเทพ 😊 
  │  
  │  ค่าบริการของเรามีดังนี้ค่ะ:
  │  
  │  - *ค่าบริการครั้งละ* 100 บาท (สิทธิราชการเบิกได้ 50 บาท)
  │    
  │  - *ขูดหินปูน* 800-1,200 บาท (ราชการเบิกได้ 200-350 บาท)
  │    
  │  - *เกลารากฟัน/รักษาโรคเหงือก/โรคปริทันต์* ครั้งละ 800-2,000 บาท (ราชการเบิกได้ 400 บาท)
  │    
  │  - *อุดฟัน* เริ่มต้น 900-1,500 บาท (ราชการเบิกได้เริ่มต้น 400 บาท)
  │    
  │  - *จัดฟัน* 
  │    - แบบโลหะ เริ่

  ┌─ FINAL ANSWER
  │  สวัสดีค่ะ ยินดีต้อนรับสู่ศูนย์ทันตกรรม ม.วลัยลักษณ์ กรุงเทพ 😊 
  │  
  │  ค่าบริการของเรามีดังนี้ค่ะ:
  │  
  │  - *ค่าบริการครั้งละ* 100 บาท (สิทธิราชการเบิกได้ 50 บาท)
  │    
  │  - *ขูดหินปูน* 800-1,200 บาท (ราชการเบิกได้ 200-350 บาท)
  │    
  │  - *เกลารากฟัน/รักษาโรคเหงือก/โรคปริทันต์* ครั้งละ 800-2,000 บาท (ราชการเบิกได้ 400 บาท)
  │    
  │  - *อุดฟัน* เริ่มต้น 900-1,500 บาท (ราชการเบิกได้เริ่มต้น 400 บาท)
  │    
  │  - *จัดฟัน* 
  │    - แบบโลหะ เริ่มต้น 48,000 บาท
  │    - ดามอน (Damon) เริ่มต้น 72,000 บาท
  │    - แบบใส เริ่มต้น 140,000 บาท
  │    
  │  - *รากเทียม* ราคา 35,000-68,000 บาท (ไม่สามารถเบิกราชการได้)
  │  
  │  - *ฟันปลอม* 
  │    - ฟันเทียมอะคริลิก 2,500-7,000 บาท (ราชการเบิกได้ 1,500-2,000 บาท)
  │    - ฟันเทียมฐานโลหะ 8,500-13,000 บาท (ราชการเบิกได้ 1,500-2,000 บาท)
  │    
  │  - *ครอบฟัน* ราคา 10,000-14,000 บาท (มีค่าแลปเพิ่มเติม 2,000-4,000 บาท และราชการเบิกได้ 3,000 บาท)
  │  
  │  - *รักษารากฟัน* 
  │    - ฟันหน้า 7,000 บาท (ราชการเบิกได้ 1,750 บาท)
  │    - ฟันกรามน้อย 8,000-9,000 บาท (ราชการเบิกได้ 2,500 บาท)
  │    
  │  - *ผ่าฟันคุด* ราคาเริ่มต้น 2,200-5,500 บาท ขึ้นกับความยากง่าย
  │    
  │  - *ถอนฟัน* ราคา 800-1,200 บาท (ราชการเบิกได้ 200-350 บาท)
  │  
  │  หากต้องการข้อมูลเพิ่มเติม สามารถติดต่อเราทางโทรศัพท์ที่ 092-497-1416 หรือ 096-685-2625 ได้เลยค่ะ 😊

------------------------------------------------------------------------

========================================================================
  2026-06-10 20:58:14   user: cli
========================================================================

  ┌─ QUESTION
  │  ราคาขูดหินปูน

  ┌─ CLASSIFY  →  TREATMENT  files=[1]

  ┌─ READ_FILES  —  2 file(s) loaded
  │  ✓ 1.เอกสารการรักษาขูดหินปูนและเกลารากฟัน.docx (2535 chars)
  │  ✓ 12.ราคาและข้อมูลทั่วไปเกี่ยวกับโรงพยาบาล.docx (3386 chars)

  ┌─ ANSWER
  │  สวัสดีค่ะ ยินดีต้อนรับสู่ศูนย์ทันตกรรม ม.วลัยลักษณ์ กรุงเทพ 😊
  │  
  │  *ราคาขูดหินปูน* อยู่ที่ **800-1,200 บาท** ค่ะ และสำหรับผู้มีสิทธิราชการสามารถเบิกได้ 200-350 บาท
  │  
  │  หากมีคำถามเพิ่มเติมหรือต้องการนัดหมาย สามารถสอบถามได้เลยนะคะ!

  ┌─ FINAL ANSWER
  │  สวัสดีค่ะ ยินดีต้อนรับสู่ศูนย์ทันตกรรม ม.วลัยลักษณ์ กรุงเทพ 😊
  │  
  │  *ราคาขูดหินปูน* อยู่ที่ **800-1,200 บาท** ค่ะ และสำหรับผู้มีสิทธิราชการสามารถเบิกได้ 200-350 บาท
  │  
  │  หากมีคำถามเพิ่มเติมหรือต้องการนัดหมาย สามารถสอบถามได้เลยนะคะ!

------------------------------------------------------------------------

========================================================================
  2026-06-10 20:59:03   user: cli
========================================================================

  ┌─ QUESTION
  │  ราคาขูดหินปูน

  ┌─ CLASSIFY  →  TREATMENT  files=[1]

  ┌─ READ_FILES  —  2 file(s) loaded
  │  ✓ 1.เอกสารการรักษาขูดหินปูนและเกลารากฟัน.docx (2535 chars)
  │  ✓ 12.ราคาและข้อมูลทั่วไปเกี่ยวกับโรงพยาบาล.docx (3386 chars)

  ┌─ ANSWER
  │  สวัสดีค่ะ ยินดีต้อนรับสู่ศูนย์ทันตกรรม ม.วลัยลักษณ์ กรุงเทพ 😊
  │  
  │  *ขูดหินปูน* ราคา `800-1,200 บาท` โดยสามารถเบิกสิทธิราชการได้ `200-350 บาท` ค่ะ
  │  
  │  หากต้องการข้อมูลเพิ่มเติมหรือนัดหมาย สามารถติดต่อเราได้เลยนะคะ!

  ┌─ FINAL ANSWER
  │  สวัสดีค่ะ ยินดีต้อนรับสู่ศูนย์ทันตกรรม ม.วลัยลักษณ์ กรุงเทพ 😊
  │  
  │  *ขูดหินปูน* ราคา `800-1,200 บาท` โดยสามารถเบิกสิทธิราชการได้ `200-350 บาท` ค่ะ
  │  
  │  หากต้องการข้อมูลเพิ่มเติมหรือนัดหมาย สามารถติดต่อเราได้เลยนะคะ!

------------------------------------------------------------------------

========================================================================
  2026-06-12 13:42:39   user: cli
========================================================================

  ┌─ QUESTION
  │  ราคารากเทียม

  ┌─ CLASSIFY  →  TREATMENT  files=[10]

  ┌─ READ_FILES  —  2 file(s) loaded
  │  ✓ 10.เอกสารการรักษารากฟันเทียม.docx (2877 chars)
  │  ✓ 12.ราคาและข้อมูลทั่วไปเกี่ยวกับโรงพยาบาล.docx (3994 chars)

  ┌─ ANSWER
  │  สวัสดีค่ะ ยินดีต้อนรับสู่ศูนย์ทันตกรรม ม.วลัยลักษณ์ กรุงเทพ 😊
  │  
  │  ราคาสำหรับการรักษารากฟันเทียมมีดังนี้ค่ะ:
  │  - ราคา 35,000-68,000 บาท รวมครอบฟันขึ้นอยู่กับยี่ห้อ (อาจมีค่าเติมกระดูก ค่าถ่ายภาพรังสี 3 มิติ และค่าแลปเพิ่มเติม) 
  │  
  │  หากต้องการข้อมูลเพิ่มเติมหรือรายละเอียดเกี่ยวกับแผนการรักษา สามารถติดต่อเราที่หมายเลข 092-497-1416 หรือ 096-685-2625 ได้เลยค่ะ 

  ┌─ FINAL ANSWER
  │  สวัสดีค่ะ ยินดีต้อนรับสู่ศูนย์ทันตกรรม ม.วลัยลักษณ์ กรุงเทพ 😊
  │  
  │  ราคาสำหรับการรักษารากฟันเทียมมีดังนี้ค่ะ:
  │  - ราคา 35,000-68,000 บาท รวมครอบฟันขึ้นอยู่กับยี่ห้อ (อาจมีค่าเติมกระดูก ค่าถ่ายภาพรังสี 3 มิติ และค่าแลปเพิ่มเติม) 
  │  
  │  หากต้องการข้อมูลเพิ่มเติมหรือรายละเอียดเกี่ยวกับแผนการรักษา สามารถติดต่อเราที่หมายเลข 092-497-1416 หรือ 096-685-2625 ได้เลยค่ะ 

------------------------------------------------------------------------

========================================================================
  2026-06-12 13:43:00   user: cli
========================================================================

  ┌─ QUESTION
  │  ขขอข้อมูลโดยละเอียด มีกี่แบบ

  ┌─ CLASSIFY  →  TREATMENT  files=[10]

  ┌─ READ_FILES  —  2 file(s) loaded
  │  ✓ 10.เอกสารการรักษารากฟันเทียม.docx (2877 chars)
  │  ✓ 12.ราคาและข้อมูลทั่วไปเกี่ยวกับโรงพยาบาล.docx (3994 chars)

  ┌─ ANSWER
  │  สำหรับข้อมูลโดยละเอียดเกี่ยวกับรากฟันเทียมค่ะ มีดังนี้:
  │  
  │  1. **Dentium (เกาหลี)**
  │     - ราคาปลูกรากฟันเทียม: 16,000 บาท
  │     - ราคาครอบฟัน: 19,000 บาท
  │     - ราคารวมซี่ละ: 35,000 บาท
  │  
  │  2. **Neoss (สวีเดน)**
  │     - ราคาปลูกรากฟันเทียม: 21,000 บาท
  │     - ราคาครอบฟัน: 24,000 บาท
  │     - ราคารวมซี่ละ: 45,000 บาท
  │  
  │  3. **Straumann (สวิตเซอร์แลนด์)**
  │     - ราคาปลูกรากฟันเทียม: 38,000 บาท
  │     - ราคาครอบฟัน: 30,000 บาท
  │     

  ┌─ FINAL ANSWER
  │  สำหรับข้อมูลโดยละเอียดเกี่ยวกับรากฟันเทียมค่ะ มีดังนี้:
  │  
  │  1. **Dentium (เกาหลี)**
  │     - ราคาปลูกรากฟันเทียม: 16,000 บาท
  │     - ราคาครอบฟัน: 19,000 บาท
  │     - ราคารวมซี่ละ: 35,000 บาท
  │  
  │  2. **Neoss (สวีเดน)**
  │     - ราคาปลูกรากฟันเทียม: 21,000 บาท
  │     - ราคาครอบฟัน: 24,000 บาท
  │     - ราคารวมซี่ละ: 45,000 บาท
  │  
  │  3. **Straumann (สวิตเซอร์แลนด์)**
  │     - ราคาปลูกรากฟันเทียม: 38,000 บาท
  │     - ราคาครอบฟัน: 30,000 บาท
  │     - ราคารวมซี่ละ: 68,000 บาท
  │  
  │  หากต้องการข้อมูลเพิ่มเติมหรือต้องการนัดหมาย เพื่อตรวจสอบช่องปากและวางแผนการรักษา สามารถติดต่อที่หมายเลข 092-497-1416 หรือ 096-685-2625 ได้เลยค่ะ 😊

------------------------------------------------------------------------

